#
# There is insufficient memory for the Java Runtime Environment to continue.
# Native memory allocation (malloc) failed to allocate 1761232 bytes for Chunk::new
# Possible reasons:
#   The system is out of physical RAM or swap space
#   In 32 bit mode, the process size limit was hit
# Possible solutions:
#   Reduce memory load on the system
#   Increase physical memory or swap space
#   Check if swap backing store is full
#   Use 64 bit Java on a 64 bit OS
#   Decrease Java heap size (-Xmx/-Xms)
#   Decrease number of Java threads
#   Decrease Java thread stack sizes (-Xss)
#   Set larger code cache with -XX:ReservedCodeCacheSize=
# This output file may be truncated or incomplete.
#
#  Out of Memory Error (allocation.cpp:390), pid=16616, tid=18364
#
# JRE version: Java(TM) SE Runtime Environment (8.0_40-b25) (build 1.8.0_40-b25)
# Java VM: Java HotSpot(TM) 64-Bit Server VM (25.40-b25 mixed mode windows-amd64 compressed oops)
# Failed to write core dump. Minidumps are not enabled by default on client versions of Windows
#

---------------  T H R E A D  ---------------

Current thread (0x0000000015507800):  JavaThread "C2 CompilerThread1" daemon [_thread_in_native, id=18364, stack(0x0000000016b10000,0x0000000016c10000)]

Stack: [0x0000000016b10000,0x0000000016c10000]
Native frames: (J=compiled Java code, j=interpreted, Vv=VM code, C=native code)
V  [jvm.dll+0x32b47a]
V  [jvm.dll+0x2797f3]
V  [jvm.dll+0x27a489]
V  [jvm.dll+0x2717a5]
V  [jvm.dll+0xcb9a2]
V  [jvm.dll+0xcbe6c]
V  [jvm.dll+0x464332]
V  [jvm.dll+0x4db615]
V  [jvm.dll+0x4dc217]
V  [jvm.dll+0x46a551]
V  [jvm.dll+0x46cd52]
V  [jvm.dll+0x4500d2]
V  [jvm.dll+0xa4312]
V  [jvm.dll+0xa4c4f]
V  [jvm.dll+0x241914]
V  [jvm.dll+0x29848a]
C  [msvcr100.dll+0x21d9f]
C  [msvcr100.dll+0x21e3b]
C  [KERNEL32.DLL+0x13d2]
C  [ntdll.dll+0x15444]


Current CompileTask:
C2:  28558 4774       4       java.lang.Class::privateGetPublicMethods (267 bytes)


---------------  P R O C E S S  ---------------

Java Threads: ( => current thread )
  0x000000001a000800 JavaThread "File lock request listener" [_thread_in_native, id=8052, stack(0x000000001af90000,0x000000001b090000)]
  0x00000000182cc000 JavaThread "Stdin handler" [_thread_blocked, id=18272, stack(0x00000000198c0000,0x00000000199c0000)]
  0x0000000018128000 JavaThread "Daemon worker" [_thread_in_Java, id=18368, stack(0x00000000197c0000,0x00000000198c0000)]
  0x00000000182bb800 JavaThread "Cancel handler" [_thread_blocked, id=11524, stack(0x00000000196c0000,0x00000000197c0000)]
  0x000000001829e800 JavaThread "Handler for socket connection from /127.0.0.1:61016 to /127.0.0.1:61019" [_thread_in_native, id=15104, stack(0x00000000195c0000,0x00000000196c0000)]
  0x0000000018293800 JavaThread "Daemon" [_thread_blocked, id=13060, stack(0x00000000194c0000,0x00000000195c0000)]
  0x00000000180c4000 JavaThread "Incoming local TCP Connector on port 61016" [_thread_in_native, id=17832, stack(0x00000000191c0000,0x00000000192c0000)]
  0x0000000016d14800 JavaThread "Service Thread" daemon [_thread_blocked, id=9860, stack(0x0000000017110000,0x0000000017210000)]
  0x000000001550d800 JavaThread "C1 CompilerThread2" daemon [_thread_in_native, id=8508, stack(0x0000000016c10000,0x0000000016d10000)]
=>0x0000000015507800 JavaThread "C2 CompilerThread1" daemon [_thread_in_native, id=18364, stack(0x0000000016b10000,0x0000000016c10000)]
  0x00000000154b9800 JavaThread "C2 CompilerThread0" daemon [_thread_in_native, id=6360, stack(0x0000000016a10000,0x0000000016b10000)]
  0x00000000154b8000 JavaThread "Attach Listener" daemon [_thread_blocked, id=6132, stack(0x0000000016910000,0x0000000016a10000)]
  0x00000000154b7000 JavaThread "Signal Dispatcher" daemon [_thread_blocked, id=364, stack(0x0000000016810000,0x0000000016910000)]
  0x0000000002dd9000 JavaThread "Finalizer" daemon [_thread_blocked, id=17492, stack(0x0000000016710000,0x0000000016810000)]
  0x0000000002dce000 JavaThread "Reference Handler" daemon [_thread_blocked, id=16804, stack(0x0000000016610000,0x0000000016710000)]
  0x000000000138e000 JavaThread "main" [_thread_blocked, id=7784, stack(0x0000000002af0000,0x0000000002bf0000)]

Other Threads:
  0x0000000015477800 VMThread [stack: 0x0000000016510000,0x0000000016610000] [id=17468]
  0x0000000016d17800 WatcherThread [stack: 0x0000000017210000,0x0000000017310000] [id=18016]

VM state:not at safepoint (normal execution)

VM Mutex/Monitor currently owned by a thread: None

Heap:
 PSYoungGen      total 189440K, used 101612K [0x00000000eab00000, 0x00000000f8f80000, 0x0000000100000000)
  eden space 173056K, 49% used [0x00000000eab00000,0x00000000efe40758,0x00000000f5400000)
  from space 16384K, 99% used [0x00000000f7f80000,0x00000000f8f7ac10,0x00000000f8f80000)
  to   space 19968K, 0% used [0x00000000f6880000,0x00000000f6880000,0x00000000f7c00000)
 ParOldGen       total 51200K, used 28675K [0x00000000c0000000, 0x00000000c3200000, 0x00000000eab00000)
  object space 51200K, 56% used [0x00000000c0000000,0x00000000c1c00e68,0x00000000c3200000)
 Metaspace       used 42461K, capacity 44246K, committed 44376K, reserved 1087488K
  class space    used 5775K, capacity 6456K, committed 6528K, reserved 1048576K

Card table byte_map: [0x00000000121a0000,0x00000000123b0000] byte_map_base: 0x0000000011ba0000

Marking Bits: (ParMarkBitMap*) 0x000000006ed34040
 Begin Bits: [0x0000000012910000, 0x0000000013910000)
 End Bits:   [0x0000000013910000, 0x0000000014910000)

Polling page: 0x0000000001350000

CodeCache: size=245760Kb used=19579Kb max_used=19590Kb free=226180Kb
 bounds [0x0000000002de0000, 0x0000000004110000, 0x0000000011de0000]
 total_blobs=5555 nmethods=4886 adapters=580
 compilation: enabled

Compilation events (10 events):
Event: 28.036 Thread 0x000000001550d800 5207       3       java.util.Collections$1::next (25 bytes)
Event: 28.036 Thread 0x000000001550d800 nmethod 5207 0x00000000040a5ad0 code [0x00000000040a5c40, 0x00000000040a5ea8]
Event: 28.036 Thread 0x000000001550d800 5208       3       java.util.LinkedHashMap$LinkedEntryIterator::next (5 bytes)
Event: 28.036 Thread 0x000000001550d800 nmethod 5208 0x00000000040a5f90 code [0x00000000040a6100, 0x00000000040a63e8]
Event: 28.036 Thread 0x000000001550d800 5209       3       com.google.common.collect.Iterators$5::next (33 bytes)
Event: 28.036 Thread 0x000000001550d800 nmethod 5209 0x00000000040a6490 code [0x00000000040a6620, 0x00000000040a6a08]
Event: 28.061 Thread 0x000000001550d800 5210       1       groovy.lang.MetaClassImpl::getTheCachedClass (5 bytes)
Event: 28.061 Thread 0x000000001550d800 nmethod 5210 0x00000000040a6b50 code [0x00000000040a6ca0, 0x00000000040a6db0]
Event: 28.065 Thread 0x000000001550d800 5211       3       groovy.lang.MetaClassImpl::getMethodWithCachingInternal (125 bytes)
Event: 28.067 Thread 0x000000001550d800 nmethod 5211 0x00000000040a6e10 code [0x00000000040a70c0, 0x00000000040a8928]

GC Heap History (10 events):
Event: 20.068 GC heap before
{Heap before GC invocations=10 (full 1):
 PSYoungGen      total 102400K, used 95592K [0x00000000eab00000, 0x00000000f1b80000, 0x0000000100000000)
  eden space 93696K, 100% used [0x00000000eab00000,0x00000000f0680000,0x00000000f0680000)
  from space 8704K, 21% used [0x00000000f1300000,0x00000000f14da100,0x00000000f1b80000)
  to   space 10752K, 0% used [0x00000000f0680000,0x00000000f0680000,0x00000000f1100000)
 ParOldGen       total 51200K, used 7983K [0x00000000c0000000, 0x00000000c3200000, 0x00000000eab00000)
  object space 51200K, 15% used [0x00000000c0000000,0x00000000c07cbfd0,0x00000000c3200000)
 Metaspace       used 22479K, capacity 22946K, committed 23168K, reserved 1069056K
  class space    used 2930K, capacity 3112K, committed 3200K, reserved 1048576K
Event: 20.073 GC heap after
Heap after GC invocations=10 (full 1):
 PSYoungGen      total 104448K, used 960K [0x00000000eab00000, 0x00000000f4680000, 0x0000000100000000)
  eden space 93696K, 0% used [0x00000000eab00000,0x00000000eab00000,0x00000000f0680000)
  from space 10752K, 8% used [0x00000000f0680000,0x00000000f0770000,0x00000000f1100000)
  to   space 10752K, 0% used [0x00000000f3c00000,0x00000000f3c00000,0x00000000f4680000)
 ParOldGen       total 51200K, used 9175K [0x00000000c0000000, 0x00000000c3200000, 0x00000000eab00000)
  object space 51200K, 17% used [0x00000000c0000000,0x00000000c08f5dd0,0x00000000c3200000)
 Metaspace       used 22479K, capacity 22946K, committed 23168K, reserved 1069056K
  class space    used 2930K, capacity 3112K, committed 3200K, reserved 1048576K
}
Event: 21.218 GC heap before
{Heap before GC invocations=11 (full 1):
 PSYoungGen      total 104448K, used 94656K [0x00000000eab00000, 0x00000000f4680000, 0x0000000100000000)
  eden space 93696K, 100% used [0x00000000eab00000,0x00000000f0680000,0x00000000f0680000)
  from space 10752K, 8% used [0x00000000f0680000,0x00000000f0770000,0x00000000f1100000)
  to   space 10752K, 0% used [0x00000000f3c00000,0x00000000f3c00000,0x00000000f4680000)
 ParOldGen       total 51200K, used 9175K [0x00000000c0000000, 0x00000000c3200000, 0x00000000eab00000)
  object space 51200K, 17% used [0x00000000c0000000,0x00000000c08f5dd0,0x00000000c3200000)
 Metaspace       used 24950K, capacity 25668K, committed 25856K, reserved 1071104K
  class space    used 3269K, capacity 3554K, committed 3584K, reserved 1048576K
Event: 21.232 GC heap after
Heap after GC invocations=11 (full 1):
 PSYoungGen      total 147968K, used 7226K [0x00000000eab00000, 0x00000000f4780000, 0x0000000100000000)
  eden space 137216K, 0% used [0x00000000eab00000,0x00000000eab00000,0x00000000f3100000)
  from space 10752K, 67% used [0x00000000f3c00000,0x00000000f430ea08,0x00000000f4680000)
  to   space 11264K, 0% used [0x00000000f3100000,0x00000000f3100000,0x00000000f3c00000)
 ParOldGen       total 51200K, used 9767K [0x00000000c0000000, 0x00000000c3200000, 0x00000000eab00000)
  object space 51200K, 19% used [0x00000000c0000000,0x00000000c0989dd0,0x00000000c3200000)
 Metaspace       used 24950K, capacity 25668K, committed 25856K, reserved 1071104K
  class space    used 3269K, capacity 3554K, committed 3584K, reserved 1048576K
}
Event: 23.507 GC heap before
{Heap before GC invocations=12 (full 1):
 PSYoungGen      total 147968K, used 139916K [0x00000000eab00000, 0x00000000f4780000, 0x0000000100000000)
  eden space 137216K, 96% used [0x00000000eab00000,0x00000000f2c948a8,0x00000000f3100000)
  from space 10752K, 67% used [0x00000000f3c00000,0x00000000f430ea08,0x00000000f4680000)
  to   space 11264K, 0% used [0x00000000f3100000,0x00000000f3100000,0x00000000f3c00000)
 ParOldGen       total 51200K, used 9767K [0x00000000c0000000, 0x00000000c3200000, 0x00000000eab00000)
  object space 51200K, 19% used [0x00000000c0000000,0x00000000c0989dd0,0x00000000c3200000)
 Metaspace       used 34076K, capacity 35238K, committed 35416K, reserved 1079296K
  class space    used 4514K, capacity 4977K, committed 4992K, reserved 1048576K
Event: 23.533 GC heap after
Heap after GC invocations=12 (full 1):
 PSYoungGen      total 148480K, used 11263K [0x00000000eab00000, 0x00000000f8f80000, 0x0000000100000000)
  eden space 137216K, 0% used [0x00000000eab00000,0x00000000eab00000,0x00000000f3100000)
  from space 11264K, 99% used [0x00000000f3100000,0x00000000f3bffc78,0x00000000f3c00000)
  to   space 16384K, 0% used [0x00000000f7f80000,0x00000000f7f80000,0x00000000f8f80000)
 ParOldGen       total 51200K, used 18076K [0x00000000c0000000, 0x00000000c3200000, 0x00000000eab00000)
  object space 51200K, 35% used [0x00000000c0000000,0x00000000c11a73c0,0x00000000c3200000)
 Metaspace       used 34076K, capacity 35238K, committed 35416K, reserved 1079296K
  class space    used 4514K, capacity 4977K, committed 4992K, reserved 1048576K
}
Event: 23.533 GC heap before
{Heap before GC invocations=13 (full 2):
 PSYoungGen      total 148480K, used 11263K [0x00000000eab00000, 0x00000000f8f80000, 0x0000000100000000)
  eden space 137216K, 0% used [0x00000000eab00000,0x00000000eab00000,0x00000000f3100000)
  from space 11264K, 99% used [0x00000000f3100000,0x00000000f3bffc78,0x00000000f3c00000)
  to   space 16384K, 0% used [0x00000000f7f80000,0x00000000f7f80000,0x00000000f8f80000)
 ParOldGen       total 51200K, used 18076K [0x00000000c0000000, 0x00000000c3200000, 0x00000000eab00000)
  object space 51200K, 35% used [0x00000000c0000000,0x00000000c11a73c0,0x00000000c3200000)
 Metaspace       used 34076K, capacity 35238K, committed 35416K, reserved 1079296K
  class space    used 4514K, capacity 4977K, committed 4992K, reserved 1048576K
Event: 23.691 GC heap after
Heap after GC invocations=13 (full 2):
 PSYoungGen      total 148480K, used 0K [0x00000000eab00000, 0x00000000f8f80000, 0x0000000100000000)
  eden space 137216K, 0% used [0x00000000eab00000,0x00000000eab00000,0x00000000f3100000)
  from space 11264K, 0% used [0x00000000f3100000,0x00000000f3100000,0x00000000f3c00000)
  to   space 16384K, 0% used [0x00000000f7f80000,0x00000000f7f80000,0x00000000f8f80000)
 ParOldGen       total 51200K, used 27036K [0x00000000c0000000, 0x00000000c3200000, 0x00000000eab00000)
  object space 51200K, 52% used [0x00000000c0000000,0x00000000c1a671d8,0x00000000c3200000)
 Metaspace       used 34076K, capacity 35238K, committed 35416K, reserved 1079296K
  class space    used 4514K, capacity 4977K, committed 4992K, reserved 1048576K
}
Event: 26.489 GC heap before
{Heap before GC invocations=14 (full 2):
 PSYoungGen      total 148480K, used 137216K [0x00000000eab00000, 0x00000000f8f80000, 0x0000000100000000)
  eden space 137216K, 100% used [0x00000000eab00000,0x00000000f3100000,0x00000000f3100000)
  from space 11264K, 0% used [0x00000000f3100000,0x00000000f3100000,0x00000000f3c00000)
  to   space 16384K, 0% used [0x00000000f7f80000,0x00000000f7f80000,0x00000000f8f80000)
 ParOldGen       total 51200K, used 27036K [0x00000000c0000000, 0x00000000c3200000, 0x00000000eab00000)
  object space 51200K, 52% used [0x00000000c0000000,0x00000000c1a671d8,0x00000000c3200000)
 Metaspace       used 39601K, capacity 40924K, committed 41176K, reserved 1085440K
  class space    used 5276K, capacity 5770K, committed 5888K, reserved 1048576K
Event: 26.516 GC heap after
Heap after GC invocations=14 (full 2):
 PSYoungGen      total 189440K, used 16363K [0x00000000eab00000, 0x00000000f8f80000, 0x0000000100000000)
  eden space 173056K, 0% used [0x00000000eab00000,0x00000000eab00000,0x00000000f5400000)
  from space 16384K, 99% used [0x00000000f7f80000,0x00000000f8f7ac10,0x00000000f8f80000)
  to   space 19968K, 0% used [0x00000000f6880000,0x00000000f6880000,0x00000000f7c00000)
 ParOldGen       total 51200K, used 28675K [0x00000000c0000000, 0x00000000c3200000, 0x00000000eab00000)
  object space 51200K, 56% used [0x00000000c0000000,0x00000000c1c00e68,0x00000000c3200000)
 Metaspace       used 39601K, capacity 40924K, committed 41176K, reserved 1085440K
  class space    used 5276K, capacity 5770K, committed 5888K, reserved 1048576K
}

Deoptimization events (10 events):
Event: 26.858 Thread 0x0000000018128000 Uncommon trap: reason=unstable_if action=reinterpret pc=0x00000000031aa110 method=java.io.PrintStream.ensureOpen()V @ 4
Event: 27.079 Thread 0x0000000018128000 Uncommon trap: reason=predicate action=maybe_recompile pc=0x000000000355d99c method=java.util.AbstractCollection.toArray([Ljava/lang/Object;)[Ljava/lang/Object; @ 49
Event: 27.151 Thread 0x0000000018128000 Uncommon trap: reason=array_check action=maybe_recompile pc=0x00000000031a6640 method=java.util.AbstractCollection.toArray([Ljava/lang/Object;)[Ljava/lang/Object; @ 119
Event: 27.151 Thread 0x0000000018128000 Uncommon trap: reason=array_check action=maybe_recompile pc=0x00000000031a6640 method=java.util.AbstractCollection.toArray([Ljava/lang/Object;)[Ljava/lang/Object; @ 119
Event: 27.155 Thread 0x0000000018128000 Uncommon trap: reason=array_check action=maybe_recompile pc=0x00000000031a6640 method=java.util.AbstractCollection.toArray([Ljava/lang/Object;)[Ljava/lang/Object; @ 119
Event: 27.156 Thread 0x0000000018128000 Uncommon trap: reason=array_check action=maybe_recompile pc=0x00000000031a6640 method=java.util.AbstractCollection.toArray([Ljava/lang/Object;)[Ljava/lang/Object; @ 119
Event: 27.292 Thread 0x0000000018128000 Uncommon trap: reason=class_check action=maybe_recompile pc=0x000000000365d124 method=java.util.regex.Matcher.search(I)Z @ 86
Event: 27.299 Thread 0x0000000018128000 Uncommon trap: reason=class_check action=maybe_recompile pc=0x000000000365d124 method=java.util.regex.Matcher.search(I)Z @ 86
Event: 27.945 Thread 0x0000000018128000 Uncommon trap: reason=class_check action=maybe_recompile pc=0x00000000036793c0 method=java.lang.Throwable.<init>(Ljava/lang/String;Ljava/lang/Throwable;)V @ 24
Event: 28.074 Thread 0x0000000018128000 Uncommon trap: reason=unstable_if action=reinterpret pc=0x0000000003b5ae24 method=java.lang.Integer.valueOf(I)Ljava/lang/Integer; @ 3

Internal exceptions (10 events):
Event: 27.902 Thread 0x0000000018128000 Exception <a 'java/lang/ClassNotFoundException': java/lang/SystemBeanInfo> (0x00000000eec53de8) thrown at [D:\re\workspace\8-2-build-windows-amd64-cygwin\jdk8u40\2855\hotspot\src\share\vm\classfile\systemDictionary.cpp, line 210]
Event: 27.903 Thread 0x0000000018128000 Exception <a 'java/lang/ClassNotFoundException': java/lang/SystemCustomizer> (0x00000000eec58990) thrown at [D:\re\workspace\8-2-build-windows-amd64-cygwin\jdk8u40\2855\hotspot\src\share\vm\classfile\systemDictionary.cpp, line 210]
Event: 27.938 Thread 0x0000000018128000 Exception <a 'java/lang/ClassNotFoundException': com/intellij/openapi/externalSystem/model/DefaultExternalPluginBeanInfo> (0x00000000eed208d0) thrown at [D:\re\workspace\8-2-build-windows-amd64-cygwin\jdk8u40\2855\hotspot\src\share\vm\classfile\systemDictiâG®Ç?;@
Event: 27.938 Thread 0x0000000018128000 Exception <a 'java/lang/ClassNotFoundException': com/intellij/openapi/externalSystem/model/DefaultExternalPluginCustomizer> (0x00000000eed2dba0) thrown at [D:\re\workspace\8-2-build-windows-amd64-cygwin\jdk8u40\2855\hotspot\src\share\vm\classfile\systemDic
Event: 28.055 Thread 0x0000000018128000 Exception <a 'java/lang/ClassNotFoundException': org/gradle/plugins/ide/idea/model/PathFactoryBeanInfo> (0x00000000ef2b4698) thrown at [D:\re\workspace\8-2-build-windows-amd64-cygwin\jdk8u40\2855\hotspot\src\share\vm\classfile\systemDictionary.cpp, line 21Ù©˙J<@
Event: 28.056 Thread 0x0000000018128000 Exception <a 'java/lang/ClassNotFoundException': org/gradle/plugins/ide/idea/model/PathFactoryCustomizer> (0x00000000ef2cf198) thrown at [D:\re\workspace\8-2-build-windows-amd64-cygwin\jdk8u40\2855\hotspot\src\share\vm\classfile\systemDictionary.cpp, line J∫√¶Ô<@
Event: 28.070 Thread 0x0000000018128000 Exception <a 'java/lang/ClassNotFoundException': org/gradle/plugins/ide/idea/model/FilePathBeanInfo> (0x00000000ef36ad28) thrown at [D:\re\workspace\8-2-build-windows-amd64-cygwin\jdk8u40\2855\hotspot\src\share\vm\classfile\systemDictionary.cpp, line 210]
Event: 28.071 Thread 0x0000000018128000 Exception <a 'java/lang/ClassNotFoundException': org/gradle/plugins/ide/idea/model/PathBeanInfo> (0x00000000ef381b20) thrown at [D:\re\workspace\8-2-build-windows-amd64-cygwin\jdk8u40\2855\hotspot\src\share\vm\classfile\systemDictionary.cpp, line 210]
Event: 28.071 Thread 0x0000000018128000 Exception <a 'java/lang/ClassNotFoundException': org/gradle/plugins/ide/idea/model/PathCustomizer> (0x00000000ef399648) thrown at [D:\re\workspace\8-2-build-windows-amd64-cygwin\jdk8u40\2855\hotspot\src\share\vm\classfile\systemDictionary.cpp, line 210]
Event: 28.072 Thread 0x0000000018128000 Exception <a 'java/lang/ClassNotFoundException': org/gradle/plugins/ide/idea/model/FilePathCustomizer> (0x00000000ef3c2838) thrown at [D:\re\workspace\8-2-build-windows-amd64-cygwin\jdk8u40\2855\hotspot\src\share\vm\classfile\systemDictionary.cpp, line 210¨õÅØÁ;@

Events (10 events):
Event: 28.071 loading class org/gradle/plugins/ide/idea/model/FilePathCustomizer done
Event: 28.072 loading class org/gradle/plugins/ide/idea/model/FilePathCustomizer
Event: 28.072 loading class org/gradle/plugins/ide/idea/model/FilePathCustomizer done
Event: 28.072 loading class org/gradle/plugins/ide/idea/model/FilePathCustomizer
Event: 28.072 loading class org/gradle/plugins/ide/idea/model/FilePathCustomizer done
Event: 28.074 Thread 0x0000000018128000 Uncommon trap: trap_request=0xffffff65 fr.pc=0x0000000003b5ae24
Event: 28.074 Thread 0x0000000018128000 DEOPT PACKING pc=0x0000000003b5ae24 sp=0x00000000198bc730
Event: 28.074 Thread 0x0000000018128000 DEOPT UNPACKING pc=0x0000000002e2582a sp=0x00000000198bc6d0 mode 2
Event: 28.074 loading class org/codehaus/groovy/runtime/dgm$365
Event: 28.074 loading class org/codehaus/groovy/runtime/dgm$365 done


Dynamic libraries:
0x00007ff6f94a0000 - 0x00007ff6f94d7000 	D:\Programs [Installed]\Programming Tools\Java\Jdk\bin\java.exe
0x00007ffe49930000 - 0x00007ffe49adc000 	C:\WINDOWS\SYSTEM32\ntdll.dll
0x00007ffe476c0000 - 0x00007ffe477fe000 	C:\WINDOWS\system32\KERNEL32.DLL
0x00007ffe46c00000 - 0x00007ffe46d15000 	C:\WINDOWS\system32\KERNELBASE.dll
0x00007ffe45610000 - 0x00007ffe4569e000 	C:\WINDOWS\system32\apphelp.dll
0x00007ffe302b0000 - 0x00007ffe30303000 	C:\WINDOWS\AppPatch\AppPatch64\AcGenral.DLL
0x00007ffe48f70000 - 0x00007ffe4901a000 	C:\WINDOWS\system32\msvcrt.dll
0x00007ffe46920000 - 0x00007ffe4694e000 	C:\WINDOWS\SYSTEM32\SspiCli.dll
0x00007ffe494d0000 - 0x00007ffe49524000 	C:\WINDOWS\system32\SHLWAPI.dll
0x00007ffe492f0000 - 0x00007ffe49467000 	C:\WINDOWS\system32\USER32.dll
0x00007ffe47310000 - 0x00007ffe474a4000 	C:\WINDOWS\system32\ole32.dll
0x00007ffe47a50000 - 0x00007ffe48f68000 	C:\WINDOWS\system32\SHELL32.dll
0x00007ffe46060000 - 0x00007ffe46081000 	C:\WINDOWS\SYSTEM32\USERENV.dll
0x00007ffe49240000 - 0x00007ffe492ea000 	C:\WINDOWS\system32\ADVAPI32.dll
0x00007ffe3f190000 - 0x00007ffe3f1ae000 	C:\WINDOWS\SYSTEM32\MPR.dll
0x00007ffe497d0000 - 0x00007ffe49911000 	C:\WINDOWS\system32\RPCRT4.dll
0x00007ffe471e0000 - 0x00007ffe47239000 	C:\WINDOWS\SYSTEM32\sechost.dll
0x00007ffe49020000 - 0x00007ffe49231000 	C:\WINDOWS\SYSTEM32\combase.dll
0x00007ffe47800000 - 0x00007ffe47951000 	C:\WINDOWS\system32\GDI32.dll
0x00007ffe46a80000 - 0x00007ffe46a95000 	C:\WINDOWS\SYSTEM32\profapi.dll
0x00007ffe44fe0000 - 0x00007ffe45092000 	C:\WINDOWS\SYSTEM32\SHCORE.dll
0x00007ffe472b0000 - 0x00007ffe472e6000 	C:\WINDOWS\system32\IMM32.DLL
0x00007ffe47080000 - 0x00007ffe471d2000 	C:\WINDOWS\system32\MSCTF.dll
0x00007ffe3fd80000 - 0x00007ffe3fffb000 	C:\WINDOWS\WinSxS\amd64_microsoft.windows.common-controls_6595b64144ccf1df_6.0.9600.17784_none_624760d1ecb7236e\COMCTL32.dll
0x000000006e170000 - 0x000000006e242000 	D:\Programs [Installed]\Programming Tools\Java\Jdk\jre\bin\msvcr100.dll
0x000000006e530000 - 0x000000006edb3000 	D:\Programs [Installed]\Programming Tools\Java\Jdk\jre\bin\server\jvm.dll
0x00007ffe3e7f0000 - 0x00007ffe3e7f9000 	C:\WINDOWS\SYSTEM32\WSOCK32.dll
0x00007ffe420f0000 - 0x00007ffe42112000 	C:\WINDOWS\SYSTEM32\WINMM.dll
0x00007ffe410a0000 - 0x00007ffe410aa000 	C:\WINDOWS\SYSTEM32\VERSION.dll
0x00007ffe47960000 - 0x00007ffe47967000 	C:\WINDOWS\system32\PSAPI.DLL
0x00007ffe474b0000 - 0x00007ffe4750a000 	C:\WINDOWS\system32\WS2_32.dll
0x00007ffe420c0000 - 0x00007ffe420ea000 	C:\WINDOWS\SYSTEM32\WINMMBASE.dll
0x00007ffe47980000 - 0x00007ffe47989000 	C:\WINDOWS\system32\NSI.dll
0x00007ffe46b50000 - 0x00007ffe46b9f000 	C:\WINDOWS\SYSTEM32\cfgmgr32.dll
0x00007ffe45890000 - 0x00007ffe458b8000 	C:\WINDOWS\SYSTEM32\DEVOBJ.dll
0x000000006ef10000 - 0x000000006ef1f000 	D:\Programs [Installed]\Programming Tools\Java\Jdk\jre\bin\verify.dll
0x000000006eee0000 - 0x000000006ef09000 	D:\Programs [Installed]\Programming Tools\Java\Jdk\jre\bin\java.dll
0x000000006eec0000 - 0x000000006eed6000 	D:\Programs [Installed]\Programming Tools\Java\Jdk\jre\bin\zip.dll
0x00007ffe46370000 - 0x00007ffe46390000 	C:\WINDOWS\SYSTEM32\CRYPTSP.dll
0x00007ffe45f10000 - 0x00007ffe45f46000 	C:\WINDOWS\system32\rsaenh.dll
0x00007ffe46610000 - 0x00007ffe46636000 	C:\WINDOWS\SYSTEM32\bcrypt.dll
0x00007ffe46950000 - 0x00007ffe469b3000 	C:\WINDOWS\system32\bcryptprimitives.dll
0x00007ffe469c0000 - 0x00007ffe469cb000 	C:\WINDOWS\SYSTEM32\CRYPTBASE.dll
0x000000006eea0000 - 0x000000006eeba000 	D:\Programs [Installed]\Programming Tools\Java\Jdk\jre\bin\net.dll
0x00007ffe46310000 - 0x00007ffe46369000 	C:\WINDOWS\system32\mswsock.dll
0x00007ffe44090000 - 0x00007ffe440ba000 	C:\WINDOWS\SYSTEM32\IPHLPAPI.DLL
0x00007ffe44080000 - 0x00007ffe4408a000 	C:\WINDOWS\SYSTEM32\WINNSI.DLL
0x00007ffe41830000 - 0x00007ffe41846000 	C:\WINDOWS\SYSTEM32\dhcpcsvc6.DLL
0x00007ffe41850000 - 0x00007ffe4186a000 	C:\WINDOWS\SYSTEM32\dhcpcsvc.DLL
0x000000006ee80000 - 0x000000006ee91000 	D:\Programs [Installed]\Programming Tools\Java\Jdk\jre\bin\nio.dll
0x00007ffe41370000 - 0x00007ffe41382000 	C:\Users\Pratick\AppData\Local\Temp\native-platform4519049064814114316dir\native-platform.dll
0x00007ffe42740000 - 0x00007ffe428c9000 	C:\WINDOWS\SYSTEM32\dbghelp.dll

VM Arguments:
jvm_args: -XX:MaxPermSize=256m -XX:+HeapDumpOnOutOfMemoryError -Xmx1024m -Dfile.encoding=windows-1252 -Duser.country=IN -Duser.language=en -Duser.variant 
java_command: org.gradle.launcher.daemon.bootstrap.GradleDaemon 2.2.1 C:\Users\Pratick\.gradle\daemon 10800000 7419c09c-412a-4bd0-b411-96bead4119e7 -XX:MaxPermSize=256m -XX:+HeapDumpOnOutOfMemoryError -Xmx1024m -Dfile.encoding=windows-1252 -Duser.country=IN -Duser.language=en -Duser.variant
java_class_path (initial): D:\Programs [Installed]\Programming Tools\Android\Android Studio\gradle\gradle-2.2.1\lib\gradle-launcher-2.2.1.jar
Launcher Type: SUN_STANDARD

Environment Variables:
JAVA_HOME=D:\Programs [Installed]\Programming Tools\Java\Jdk\
PATH=C:\ProgramData\Oracle\Java\javapath;C:\WINDOWS\system32;C:\WINDOWS;C:\WINDOWS\System32\Wbem;C:\WINDOWS\System32\WindowsPowerShell\v1.0\
USERNAME=Pratick
OS=Windows_NT
PROCESSOR_IDENTIFIER=Intel64 Family 6 Model 69 Stepping 1, GenuineIntel



---------------  S Y S T E M  ---------------

OS: Windows 8.1 , 64 bit Build 9600 (6.3.9600.17415)

CPU:total 4 (2 cores per cpu, 2 threads per core) family 6 model 69 stepping 1, cmov, cx8, fxsr, mmx, sse, sse2, sse3, ssse3, sse4.1, sse4.2, popcnt, avx, avx2, aes, clmul, erms, lzcnt, ht, tsc, tscinvbit, bmi1, bmi2

Memory: 4k page, physical 7766124k(1635236k free), swap 10911852k(9248k free)

vm_info: Java HotSpot(TM) 64-Bit Server VM (25.40-b25) for windows-amd64 JRE (1.8.0_40-b25), built on Feb 10 2015 21:53:57 by "java_re" with MS VC++ 10.0 (VS2010)

time: Tue Jun 09 13:19:15 2015
elapsed time: 28 seconds (0d 0h 0m 28s)

