#
# There is insufficient memory for the Java Runtime Environment to continue.
# Native memory allocation (malloc) failed to allocate 32744 bytes for ChunkPool::allocate
# Possible reasons:
#   The system is out of physical RAM or swap space
#   In 32 bit mode, the process size limit was hit
# Possible solutions:
#   Reduce memory load on the system
#   Increase physical memory or swap space
#   Check if swap backing store is full
#   Use 64 bit Java on a 64 bit OS
#   Decrease Java heap size (-Xmx/-Xms)
#   Decrease number of Java threads
#   Decrease Java thread stack sizes (-Xss)
#   Set larger code cache with -XX:ReservedCodeCacheSize=
# This output file may be truncated or incomplete.
#
#  Out of Memory Error (allocation.cpp:273), pid=10540, tid=1440
#
# JRE version: Java(TM) SE Runtime Environment (8.0_40-b25) (build 1.8.0_40-b25)
# Java VM: Java HotSpot(TM) 64-Bit Server VM (25.40-b25 mixed mode windows-amd64 compressed oops)
# Failed to write core dump. Minidumps are not enabled by default on client versions of Windows
#

---------------  T H R E A D  ---------------

Current thread (0x000000001518b800):  JavaThread "C1 CompilerThread2" daemon [_thread_in_native, id=1440, stack(0x0000000016890000,0x0000000016990000)]

Stack: [0x0000000016890000,0x0000000016990000]
Native frames: (J=compiled Java code, j=interpreted, Vv=VM code, C=native code)
V  [jvm.dll+0x32b47a]


Current CompileTask:
C1:   1459  501   !   3       com.android.dx.cf.code.BytecodeArray::parseInstruction (2764 bytes)


---------------  P R O C E S S  ---------------

Java Threads: ( => current thread )
  0x00000000169ac800 JavaThread "Service Thread" daemon [_thread_blocked, id=3708, stack(0x0000000016d90000,0x0000000016e90000)]
=>0x000000001518b800 JavaThread "C1 CompilerThread2" daemon [_thread_in_native, id=1440, stack(0x0000000016890000,0x0000000016990000)]
  0x000000001512f000 JavaThread "C2 CompilerThread1" daemon [_thread_in_native, id=2880, stack(0x0000000016790000,0x0000000016890000)]
  0x0000000015128000 JavaThread "C2 CompilerThread0" daemon [_thread_blocked, id=5592, stack(0x0000000016690000,0x0000000016790000)]
  0x0000000015127000 JavaThread "Attach Listener" daemon [_thread_blocked, id=8540, stack(0x0000000016590000,0x0000000016690000)]
  0x0000000015125800 JavaThread "Signal Dispatcher" daemon [_thread_blocked, id=8816, stack(0x0000000016490000,0x0000000016590000)]
  0x0000000002a51000 JavaThread "Finalizer" daemon [_thread_blocked, id=5600, stack(0x0000000016390000,0x0000000016490000)]
  0x0000000002a4e000 JavaThread "Reference Handler" daemon [_thread_blocked, id=2116, stack(0x0000000016290000,0x0000000016390000)]
  0x0000000002960800 JavaThread "main" [_thread_in_Java, id=10124, stack(0x0000000002790000,0x0000000002890000)]

Other Threads:
  0x00000000150f7800 VMThread [stack: 0x0000000016190000,0x0000000016290000] [id=7460]
  0x00000000169ae800 WatcherThread [stack: 0x0000000016e90000,0x0000000016f90000] [id=6792]

VM state:not at safepoint (normal execution)

VM Mutex/Monitor currently owned by a thread: None

Heap:
 PSYoungGen      total 35840K, used 7992K [0x00000000eab00000, 0x00000000ed300000, 0x0000000100000000)
  eden space 30720K, 26% used [0x00000000eab00000,0x00000000eb2ce220,0x00000000ec900000)
  from space 5120K, 0% used [0x00000000ec900000,0x00000000ec900000,0x00000000ece00000)
  to   space 5120K, 0% used [0x00000000ece00000,0x00000000ece00000,0x00000000ed300000)
 ParOldGen       total 50176K, used 840K [0x00000000c0000000, 0x00000000c3100000, 0x00000000eab00000)
  object space 50176K, 1% used [0x00000000c0000000,0x00000000c00d2320,0x00000000c3100000)
 Metaspace       used 5111K, capacity 6448K, committed 6528K, reserved 1058816K
  class space    used 545K, capacity 616K, committed 640K, reserved 1048576K

Card table byte_map: [0x0000000011e20000,0x0000000012030000] byte_map_base: 0x0000000011820000

Marking Bits: (ParMarkBitMap*) 0x000000006ecf4040
 Begin Bits: [0x0000000012590000, 0x0000000013590000)
 End Bits:   [0x0000000013590000, 0x0000000014590000)

Polling page: 0x0000000002890000

CodeCache: size=245760Kb used=2189Kb max_used=2201Kb free=243570Kb
 bounds [0x0000000002a60000, 0x0000000002cd0000, 0x0000000011a60000]
 total_blobs=765 nmethods=500 adapters=178
 compilation: enabled

Compilation events (10 events):
Event: 1.442 Thread 0x000000001518b800  496       3       com.android.dx.rop.code.Rop::hashCode (54 bytes)
Event: 1.442 Thread 0x000000001518b800 nmethod 496 0x0000000002c822d0 code [0x0000000002c82460, 0x0000000002c82928]
Event: 1.442 Thread 0x000000001518b800  497       3       com.android.dx.dex.code.OutputFinisher::updateInfo (44 bytes)
Event: 1.443 Thread 0x000000001518b800 nmethod 497 0x0000000002c82ad0 code [0x0000000002c82c40, 0x0000000002c83008]
Event: 1.443 Thread 0x000000001518b800  499       3       com.android.dx.cf.iface.StdAttributeList::get (9 bytes)
Event: 1.443 Thread 0x000000001518b800 nmethod 499 0x0000000002c83110 code [0x0000000002c83280, 0x0000000002c83588]
Event: 1.443 Thread 0x000000001518b800  500       3       com.android.dx.util.Bits::set (19 bytes)
Event: 1.443 Thread 0x000000001518b800 nmethod 500 0x0000000002c83650 code [0x0000000002c837a0, 0x0000000002c83910]
Event: 1.443 Thread 0x000000001518b800  501   !   3       com.android.dx.cf.code.BytecodeArray::parseInstruction (2764 bytes)
Event: 1.449 Thread 0x0000000015128000  517       4       java.util.HashMap::getNode (148 bytes)

GC Heap History (4 events):
Event: 0.307 GC heap before
{Heap before GC invocations=1 (full 0):
 PSYoungGen      total 35840K, used 3072K [0x00000000eab00000, 0x00000000ed300000, 0x0000000100000000)
  eden space 30720K, 10% used [0x00000000eab00000,0x00000000eae00148,0x00000000ec900000)
  from space 5120K, 0% used [0x00000000ece00000,0x00000000ece00000,0x00000000ed300000)
  to   space 5120K, 0% used [0x00000000ec900000,0x00000000ec900000,0x00000000ece00000)
 ParOldGen       total 81920K, used 0K [0x00000000c0000000, 0x00000000c5000000, 0x00000000eab00000)
  object space 81920K, 0% used [0x00000000c0000000,0x00000000c0000000,0x00000000c5000000)
 Metaspace       used 3193K, capacity 4720K, committed 4864K, reserved 1060864K
  class space    used 346K, capacity 424K, committed 512K, reserved 1048576K
Event: 0.317 GC heap after
Heap after GC invocations=1 (full 0):
 PSYoungGen      total 35840K, used 900K [0x00000000eab00000, 0x00000000ed300000, 0x0000000100000000)
  eden space 30720K, 0% used [0x00000000eab00000,0x00000000eab00000,0x00000000ec900000)
  from space 5120K, 17% used [0x00000000ec900000,0x00000000ec9e13e8,0x00000000ece00000)
  to   space 5120K, 0% used [0x00000000ece00000,0x00000000ece00000,0x00000000ed300000)
 ParOldGen       total 81920K, used 8K [0x00000000c0000000, 0x00000000c5000000, 0x00000000eab00000)
  object space 81920K, 0% used [0x00000000c0000000,0x00000000c0002000,0x00000000c5000000)
 Metaspace       used 3193K, capacity 4720K, committed 4864K, reserved 1060864K
  class space    used 346K, capacity 424K, committed 512K, reserved 1048576K
}
Event: 0.317 GC heap before
{Heap before GC invocations=2 (full 1):
 PSYoungGen      total 35840K, used 900K [0x00000000eab00000, 0x00000000ed300000, 0x0000000100000000)
  eden space 30720K, 0% used [0x00000000eab00000,0x00000000eab00000,0x00000000ec900000)
  from space 5120K, 17% used [0x00000000ec900000,0x00000000ec9e13e8,0x00000000ece00000)
  to   space 5120K, 0% used [0x00000000ece00000,0x00000000ece00000,0x00000000ed300000)
 ParOldGen       total 81920K, used 8K [0x00000000c0000000, 0x00000000c5000000, 0x00000000eab00000)
  object space 81920K, 0% used [0x00000000c0000000,0x00000000c0002000,0x00000000c5000000)
 Metaspace       used 3193K, capacity 4720K, committed 4864K, reserved 1060864K
  class space    used 346K, capacity 424K, committed 512K, reserved 1048576K
Event: 0.334 GC heap after
Heap after GC invocations=2 (full 1):
 PSYoungGen      total 35840K, used 0K [0x00000000eab00000, 0x00000000ed300000, 0x0000000100000000)
  eden space 30720K, 0% used [0x00000000eab00000,0x00000000eab00000,0x00000000ec900000)
  from space 5120K, 0% used [0x00000000ec900000,0x00000000ec900000,0x00000000ece00000)
  to   space 5120K, 0% used [0x00000000ece00000,0x00000000ece00000,0x00000000ed300000)
 ParOldGen       total 50176K, used 840K [0x00000000c0000000, 0x00000000c3100000, 0x00000000eab00000)
  object space 50176K, 1% used [0x00000000c0000000,0x00000000c00d2320,0x00000000c3100000)
 Metaspace       used 3193K, capacity 4720K, committed 4864K, reserved 1058816K
  class space    used 346K, capacity 424K, committed 512K, reserved 1048576K
}

Deoptimization events (0 events):
No events

Internal exceptions (2 events):
Event: 0.075 Thread 0x0000000002960800 Exception <a 'java/lang/NoSuchMethodError': Method sun.misc.Unsafe.defineClass(Ljava/lang/String;[BII)Ljava/lang/Class; name or signature does not match> (0x00000000eab0d220) thrown at [D:\re\workspace\8-2-build-windows-amd64-cygwin\jdk8u40\2855\hotspot\srß*Å'>)³?
Event: 0.075 Thread 0x0000000002960800 Exception <a 'java/lang/NoSuchMethodError': Method sun.misc.Unsafe.prefetchRead(Ljava/lang/Object;J)V name or signature does not match> (0x00000000eab0d4b0) thrown at [D:\re\workspace\8-2-build-windows-amd64-cygwin\jdk8u40\2855\hotspot\src\share\vm\prims\j

Events (10 events):
Event: 1.323 loading class com/android/dx/cf/direct/DirectClassFile$DcfTypeList
Event: 1.323 loading class com/android/dx/cf/direct/DirectClassFile$DcfTypeList done
Event: 1.325 loading class com/android/dx/cf/attrib/AttEnclosingMethod
Event: 1.325 loading class com/android/dx/cf/attrib/AttEnclosingMethod done
Event: 1.347 loading class com/android/dx/cf/attrib/AttConstantValue
Event: 1.347 loading class com/android/dx/cf/attrib/AttConstantValue done
Event: 1.355 loading class com/android/dx/cf/attrib/AttLocalVariableTypeTable
Event: 1.355 loading class com/android/dx/cf/attrib/AttLocalVariableTypeTable done
Event: 1.356 loading class com/android/dx/cf/attrib/AttSignature
Event: 1.356 loading class com/android/dx/cf/attrib/AttSignature done


Dynamic libraries:
0x00007ff6f94a0000 - 0x00007ff6f94d7000 	D:\Programs [Installed]\Programming Tools\Java\Jdk\bin\java.exe
0x00007ffe49930000 - 0x00007ffe49adc000 	C:\WINDOWS\SYSTEM32\ntdll.dll
0x00007ffe476c0000 - 0x00007ffe477fe000 	C:\WINDOWS\system32\KERNEL32.DLL
0x00007ffe46c00000 - 0x00007ffe46d15000 	C:\WINDOWS\system32\KERNELBASE.dll
0x00007ffe45610000 - 0x00007ffe4569e000 	C:\WINDOWS\system32\apphelp.dll
0x00007ffe3a640000 - 0x00007ffe3a693000 	C:\WINDOWS\AppPatch\AppPatch64\AcGenral.DLL
0x00007ffe48f70000 - 0x00007ffe4901a000 	C:\WINDOWS\system32\msvcrt.dll
0x00007ffe46920000 - 0x00007ffe4694e000 	C:\WINDOWS\SYSTEM32\SspiCli.dll
0x00007ffe494d0000 - 0x00007ffe49524000 	C:\WINDOWS\system32\SHLWAPI.dll
0x00007ffe492f0000 - 0x00007ffe49467000 	C:\WINDOWS\system32\USER32.dll
0x00007ffe47310000 - 0x00007ffe474a4000 	C:\WINDOWS\system32\ole32.dll
0x00007ffe47a50000 - 0x00007ffe48f68000 	C:\WINDOWS\system32\SHELL32.dll
0x00007ffe46060000 - 0x00007ffe46081000 	C:\WINDOWS\SYSTEM32\USERENV.dll
0x00007ffe49240000 - 0x00007ffe492ea000 	C:\WINDOWS\system32\ADVAPI32.dll
0x00007ffe3f190000 - 0x00007ffe3f1ae000 	C:\WINDOWS\SYSTEM32\MPR.dll
0x00007ffe497d0000 - 0x00007ffe49911000 	C:\WINDOWS\system32\RPCRT4.dll
0x00007ffe471e0000 - 0x00007ffe47239000 	C:\WINDOWS\SYSTEM32\sechost.dll
0x00007ffe49020000 - 0x00007ffe49231000 	C:\WINDOWS\SYSTEM32\combase.dll
0x00007ffe47800000 - 0x00007ffe47951000 	C:\WINDOWS\system32\GDI32.dll
0x00007ffe46a80000 - 0x00007ffe46a95000 	C:\WINDOWS\SYSTEM32\profapi.dll
0x00007ffe44fe0000 - 0x00007ffe45092000 	C:\WINDOWS\SYSTEM32\SHCORE.dll
0x00007ffe472b0000 - 0x00007ffe472e6000 	C:\WINDOWS\system32\IMM32.DLL
0x00007ffe47080000 - 0x00007ffe471d2000 	C:\WINDOWS\system32\MSCTF.dll
0x00007ffe3fd80000 - 0x00007ffe3fffb000 	C:\WINDOWS\WinSxS\amd64_microsoft.windows.common-controls_6595b64144ccf1df_6.0.9600.17784_none_624760d1ecb7236e\COMCTL32.dll
0x000000006e070000 - 0x000000006e142000 	D:\Programs [Installed]\Programming Tools\Java\Jdk\jre\bin\msvcr100.dll
0x000000006e4f0000 - 0x000000006ed73000 	D:\Programs [Installed]\Programming Tools\Java\Jdk\jre\bin\server\jvm.dll
0x00007ffe3e7f0000 - 0x00007ffe3e7f9000 	C:\WINDOWS\SYSTEM32\WSOCK32.dll
0x00007ffe420f0000 - 0x00007ffe42112000 	C:\WINDOWS\SYSTEM32\WINMM.dll
0x00007ffe410a0000 - 0x00007ffe410aa000 	C:\WINDOWS\SYSTEM32\VERSION.dll
0x00007ffe47960000 - 0x00007ffe47967000 	C:\WINDOWS\system32\PSAPI.DLL
0x00007ffe474b0000 - 0x00007ffe4750a000 	C:\WINDOWS\system32\WS2_32.dll
0x00007ffe420c0000 - 0x00007ffe420ea000 	C:\WINDOWS\SYSTEM32\WINMMBASE.dll
0x00007ffe47980000 - 0x00007ffe47989000 	C:\WINDOWS\system32\NSI.dll
0x00007ffe46b50000 - 0x00007ffe46b9f000 	C:\WINDOWS\SYSTEM32\cfgmgr32.dll
0x00007ffe45890000 - 0x00007ffe458b8000 	C:\WINDOWS\SYSTEM32\DEVOBJ.dll
0x000000006e4e0000 - 0x000000006e4ef000 	D:\Programs [Installed]\Programming Tools\Java\Jdk\jre\bin\verify.dll
0x000000006e4b0000 - 0x000000006e4d9000 	D:\Programs [Installed]\Programming Tools\Java\Jdk\jre\bin\java.dll
0x000000006e490000 - 0x000000006e4a6000 	D:\Programs [Installed]\Programming Tools\Java\Jdk\jre\bin\zip.dll

VM Arguments:
jvm_args: -Xmx1024M -Dfile.encoding=windows-1252 -Duser.country=IN -Duser.language=en -Duser.variant 
java_command: com.android.dx.command.Main --dex --output D:\Documents\ProgrammingProjects\AndroidProjects\AndroidStudioProjects\Dots\app\build\intermediates\pre-dexed\debug\classes-b1625946271072612ed586a0a4051fe4352c9aff.jar D:\Documents\ProgrammingProjects\AndroidProjects\AndroidStudioProjects\Dots\app\build\intermediates\exploded-aar\com.android.support\appcompat-v7\21.0.3\classes.jar
java_class_path (initial): D:\Programs [Installed]\Programming Tools\Android\Sdk\build-tools\21.1.2\lib\dx.jar
Launcher Type: SUN_STANDARD

Environment Variables:
JAVA_HOME=D:\Programs [Installed]\Programming Tools\Java\Jdk\
PATH=C:\ProgramData\Oracle\Java\javapath;C:\WINDOWS\system32;C:\WINDOWS;C:\WINDOWS\System32\Wbem;C:\WINDOWS\System32\WindowsPowerShell\v1.0\
USERNAME=Pratick
OS=Windows_NT
PROCESSOR_IDENTIFIER=Intel64 Family 6 Model 69 Stepping 1, GenuineIntel



---------------  S Y S T E M  ---------------

OS: Windows 8.1 , 64 bit Build 9600 (6.3.9600.17415)

CPU:total 4 (2 cores per cpu, 2 threads per core) family 6 model 69 stepping 1, cmov, cx8, fxsr, mmx, sse, sse2, sse3, ssse3, sse4.1, sse4.2, popcnt, avx, avx2, aes, clmul, erms, lzcnt, ht, tsc, tscinvbit, bmi1, bmi2

Memory: 4k page, physical 7766124k(958040k free), swap 10911852k(4616k free)

vm_info: Java HotSpot(TM) 64-Bit Server VM (25.40-b25) for windows-amd64 JRE (1.8.0_40-b25), built on Feb 10 2015 21:53:57 by "java_re" with MS VC++ 10.0 (VS2010)

time: Thu Jun 04 06:25:49 2015
elapsed time: 1 seconds (0d 0h 0m 1s)

