#
# There is insufficient memory for the Java Runtime Environment to continue.
# Native memory allocation (malloc) failed to allocate 43616 bytes for Chunk::new
# Possible reasons:
#   The system is out of physical RAM or swap space
#   In 32 bit mode, the process size limit was hit
# Possible solutions:
#   Reduce memory load on the system
#   Increase physical memory or swap space
#   Check if swap backing store is full
#   Use 64 bit Java on a 64 bit OS
#   Decrease Java heap size (-Xmx/-Xms)
#   Decrease number of Java threads
#   Decrease Java thread stack sizes (-Xss)
#   Set larger code cache with -XX:ReservedCodeCacheSize=
# This output file may be truncated or incomplete.
#
#  Out of Memory Error (allocation.cpp:390), pid=4892, tid=2888
#
# JRE version: Java(TM) SE Runtime Environment (8.0_40-b25) (build 1.8.0_40-b25)
# Java VM: Java HotSpot(TM) 64-Bit Server VM (25.40-b25 mixed mode windows-amd64 compressed oops)
# Failed to write core dump. Minidumps are not enabled by default on client versions of Windows
#

---------------  T H R E A D  ---------------

Current thread (0x0000000014619800):  JavaThread "C2 CompilerThread0" daemon [_thread_in_native, id=2888, stack(0x0000000015b90000,0x0000000015c90000)]

Stack: [0x0000000015b90000,0x0000000015c90000]
Native frames: (J=compiled Java code, j=interpreted, Vv=VM code, C=native code)
V  [jvm.dll+0x32b47a]


Current CompileTask:
C2:    623  254       4       java.lang.String::replace (127 bytes)


---------------  P R O C E S S  ---------------

Java Threads: ( => current thread )
  0x0000000015e94800 JavaThread "Service Thread" daemon [_thread_blocked, id=2788, stack(0x0000000016290000,0x0000000016390000)]
  0x000000001467b800 JavaThread "C1 CompilerThread2" daemon [_thread_blocked, id=9136, stack(0x0000000015d90000,0x0000000015e90000)]
  0x0000000014675800 JavaThread "C2 CompilerThread1" daemon [_thread_blocked, id=2848, stack(0x0000000015c90000,0x0000000015d90000)]
=>0x0000000014619800 JavaThread "C2 CompilerThread0" daemon [_thread_in_native, id=2888, stack(0x0000000015b90000,0x0000000015c90000)]
  0x0000000014618000 JavaThread "Attach Listener" daemon [_thread_blocked, id=6196, stack(0x0000000015a90000,0x0000000015b90000)]
  0x0000000014616800 JavaThread "Signal Dispatcher" daemon [_thread_blocked, id=8360, stack(0x0000000015990000,0x0000000015a90000)]
  0x0000000001f47000 JavaThread "Finalizer" daemon [_thread_blocked, id=7196, stack(0x0000000015890000,0x0000000015990000)]
  0x0000000001f3e000 JavaThread "Reference Handler" daemon [_thread_blocked, id=8548, stack(0x0000000015790000,0x0000000015890000)]
  0x0000000001e50800 JavaThread "main" [_thread_in_vm, id=9404, stack(0x0000000001d50000,0x0000000001e50000)]

Other Threads:
  0x00000000145e7800 VMThread [stack: 0x0000000015690000,0x0000000015790000] [id=6400]
  0x0000000015e97000 WatcherThread [stack: 0x0000000016390000,0x0000000016490000] [id=10180]

VM state:not at safepoint (normal execution)

VM Mutex/Monitor currently owned by a thread: None

Heap:
 PSYoungGen      total 35840K, used 6783K [0x00000000eab00000, 0x00000000ed300000, 0x0000000100000000)
  eden space 30720K, 22% used [0x00000000eab00000,0x00000000eb19fe78,0x00000000ec900000)
  from space 5120K, 0% used [0x00000000ece00000,0x00000000ece00000,0x00000000ed300000)
  to   space 5120K, 0% used [0x00000000ec900000,0x00000000ec900000,0x00000000ece00000)
 ParOldGen       total 81920K, used 0K [0x00000000c0000000, 0x00000000c5000000, 0x00000000eab00000)
  object space 81920K, 0% used [0x00000000c0000000,0x00000000c0000000,0x00000000c5000000)
 Metaspace       used 4447K, capacity 5872K, committed 6016K, reserved 1056768K
  class space    used 492K, capacity 552K, committed 640K, reserved 1048576K

Card table byte_map: [0x0000000011310000,0x0000000011520000] byte_map_base: 0x0000000010d10000

Marking Bits: (ParMarkBitMap*) 0x000000006ecf4040
 Begin Bits: [0x0000000011a80000, 0x0000000012a80000)
 End Bits:   [0x0000000012a80000, 0x0000000013a80000)

Polling page: 0x00000000003b0000

CodeCache: size=245760Kb used=1549Kb max_used=1549Kb free=244210Kb
 bounds [0x0000000001f50000, 0x00000000021c0000, 0x0000000010f50000]
 total_blobs=516 nmethods=255 adapters=174
 compilation: enabled

Compilation events (10 events):
Event: 0.619 Thread 0x000000001467b800 nmethod 251 0x00000000020d04d0 code [0x00000000020d0760, 0x00000000020d1938]
Event: 0.619 Thread 0x000000001467b800  252       3       java.util.zip.ZipFile$ZipFileInputStream::<init> (41 bytes)
Event: 0.619 Thread 0x000000001467b800 nmethod 252 0x00000000020d2510 code [0x00000000020d26a0, 0x00000000020d2a38]
Event: 0.619 Thread 0x000000001467b800  253       3       java.util.zip.ZipFile::access$1100 (5 bytes)
Event: 0.620 Thread 0x000000001467b800 nmethod 253 0x00000000020d2c50 code [0x00000000020d2dc0, 0x00000000020d2f28]
Event: 0.620 Thread 0x0000000014619800  254       4       java.lang.String::replace (127 bytes)
Event: 0.621 Thread 0x000000001467b800  255       3       java.util.zip.ZipEntry::getSize (5 bytes)
Event: 0.621 Thread 0x000000001467b800 nmethod 255 0x00000000020d2fd0 code [0x00000000020d3120, 0x00000000020d3270]
Event: 0.621 Thread 0x000000001467b800  256  s    3       java.lang.Throwable::fillInStackTrace (29 bytes)
Event: 0.622 Thread 0x000000001467b800 nmethod 256 0x00000000020d32d0 code [0x00000000020d3440, 0x00000000020d37e8]

GC Heap History (0 events):
No events

Deoptimization events (0 events):
No events

Internal exceptions (2 events):
Event: 0.052 Thread 0x0000000001e50800 Exception <a 'java/lang/NoSuchMethodError': Method sun.misc.Unsafe.defineClass(Ljava/lang/String;[BII)Ljava/lang/Class; name or signature does not match> (0x00000000eab0ce40) thrown at [D:\re\workspace\8-2-build-windows-amd64-cygwin\jdk8u40\2855\hotspot\srÍ*!°jª?
Event: 0.052 Thread 0x0000000001e50800 Exception <a 'java/lang/NoSuchMethodError': Method sun.misc.Unsafe.prefetchRead(Ljava/lang/Object;J)V name or signature does not match> (0x00000000eab0d0d0) thrown at [D:\re\workspace\8-2-build-windows-amd64-cygwin\jdk8u40\2855\hotspot\src\share\vm\prims\j

Events (10 events):
Event: 0.617 loading class com/android/dx/ssa/back/SsaToRop
Event: 0.617 loading class com/android/dx/ssa/back/SsaToRop done
Event: 0.619 loading class com/android/dx/ssa/back/RegisterAllocator
Event: 0.619 loading class com/android/dx/ssa/back/RegisterAllocator done
Event: 0.619 loading class com/android/dx/ssa/back/FirstFitLocalCombiningAllocator
Event: 0.619 loading class com/android/dx/ssa/back/FirstFitLocalCombiningAllocator done
Event: 0.620 loading class com/android/dx/ssa/BasicRegisterMapper
Event: 0.620 loading class com/android/dx/ssa/BasicRegisterMapper done
Event: 0.621 loading class com/android/dx/ssa/back/LivenessAnalyzer
Event: 0.621 loading class com/android/dx/ssa/back/LivenessAnalyzer done


Dynamic libraries:
0x00007ff6f94a0000 - 0x00007ff6f94d7000 	D:\Programs [Installed]\Programming Tools\Java\Jdk\bin\java.exe
0x00007ffe49930000 - 0x00007ffe49adc000 	C:\WINDOWS\SYSTEM32\ntdll.dll
0x00007ffe476c0000 - 0x00007ffe477fe000 	C:\WINDOWS\system32\KERNEL32.DLL
0x00007ffe46c00000 - 0x00007ffe46d15000 	C:\WINDOWS\system32\KERNELBASE.dll
0x00007ffe45610000 - 0x00007ffe4569e000 	C:\WINDOWS\system32\apphelp.dll
0x00007ffe3a640000 - 0x00007ffe3a693000 	C:\WINDOWS\AppPatch\AppPatch64\AcGenral.DLL
0x00007ffe48f70000 - 0x00007ffe4901a000 	C:\WINDOWS\system32\msvcrt.dll
0x00007ffe46920000 - 0x00007ffe4694e000 	C:\WINDOWS\SYSTEM32\SspiCli.dll
0x00007ffe494d0000 - 0x00007ffe49524000 	C:\WINDOWS\system32\SHLWAPI.dll
0x00007ffe492f0000 - 0x00007ffe49467000 	C:\WINDOWS\system32\USER32.dll
0x00007ffe47310000 - 0x00007ffe474a4000 	C:\WINDOWS\system32\ole32.dll
0x00007ffe47a50000 - 0x00007ffe48f68000 	C:\WINDOWS\system32\SHELL32.dll
0x00007ffe46060000 - 0x00007ffe46081000 	C:\WINDOWS\SYSTEM32\USERENV.dll
0x00007ffe49240000 - 0x00007ffe492ea000 	C:\WINDOWS\system32\ADVAPI32.dll
0x00007ffe3f190000 - 0x00007ffe3f1ae000 	C:\WINDOWS\SYSTEM32\MPR.dll
0x00007ffe497d0000 - 0x00007ffe49911000 	C:\WINDOWS\system32\RPCRT4.dll
0x00007ffe471e0000 - 0x00007ffe47239000 	C:\WINDOWS\SYSTEM32\sechost.dll
0x00007ffe49020000 - 0x00007ffe49231000 	C:\WINDOWS\SYSTEM32\combase.dll
0x00007ffe47800000 - 0x00007ffe47951000 	C:\WINDOWS\system32\GDI32.dll
0x00007ffe46a80000 - 0x00007ffe46a95000 	C:\WINDOWS\SYSTEM32\profapi.dll
0x00007ffe44fe0000 - 0x00007ffe45092000 	C:\WINDOWS\SYSTEM32\SHCORE.dll
0x00007ffe472b0000 - 0x00007ffe472e6000 	C:\WINDOWS\system32\IMM32.DLL
0x00007ffe47080000 - 0x00007ffe471d2000 	C:\WINDOWS\system32\MSCTF.dll
0x00007ffe3fd80000 - 0x00007ffe3fffb000 	C:\WINDOWS\WinSxS\amd64_microsoft.windows.common-controls_6595b64144ccf1df_6.0.9600.17784_none_624760d1ecb7236e\COMCTL32.dll
0x000000006e070000 - 0x000000006e142000 	D:\Programs [Installed]\Programming Tools\Java\Jdk\jre\bin\msvcr100.dll
0x000000006e4f0000 - 0x000000006ed73000 	D:\Programs [Installed]\Programming Tools\Java\Jdk\jre\bin\server\jvm.dll
0x00007ffe3e7f0000 - 0x00007ffe3e7f9000 	C:\WINDOWS\SYSTEM32\WSOCK32.dll
0x00007ffe420f0000 - 0x00007ffe42112000 	C:\WINDOWS\SYSTEM32\WINMM.dll
0x00007ffe410a0000 - 0x00007ffe410aa000 	C:\WINDOWS\SYSTEM32\VERSION.dll
0x00007ffe47960000 - 0x00007ffe47967000 	C:\WINDOWS\system32\PSAPI.DLL
0x00007ffe474b0000 - 0x00007ffe4750a000 	C:\WINDOWS\system32\WS2_32.dll
0x00007ffe420c0000 - 0x00007ffe420ea000 	C:\WINDOWS\SYSTEM32\WINMMBASE.dll
0x00007ffe47980000 - 0x00007ffe47989000 	C:\WINDOWS\system32\NSI.dll
0x00007ffe46b50000 - 0x00007ffe46b9f000 	C:\WINDOWS\SYSTEM32\cfgmgr32.dll
0x00007ffe45890000 - 0x00007ffe458b8000 	C:\WINDOWS\SYSTEM32\DEVOBJ.dll
0x000000006e4e0000 - 0x000000006e4ef000 	D:\Programs [Installed]\Programming Tools\Java\Jdk\jre\bin\verify.dll
0x000000006e4b0000 - 0x000000006e4d9000 	D:\Programs [Installed]\Programming Tools\Java\Jdk\jre\bin\java.dll
0x000000006e490000 - 0x000000006e4a6000 	D:\Programs [Installed]\Programming Tools\Java\Jdk\jre\bin\zip.dll

VM Arguments:
jvm_args: -Xmx1024M -Dfile.encoding=windows-1252 -Duser.country=IN -Duser.language=en -Duser.variant 
java_command: com.android.dx.command.Main --dex --output D:\Documents\ProgrammingProjects\AndroidProjects\AndroidStudioProjects\Dots\app\build\intermediates\pre-dexed\debug\classes-08d80525fda629f7d888d46d07fe4d5adf97fdc8.jar D:\Documents\ProgrammingProjects\AndroidProjects\AndroidStudioProjects\Dots\app\build\intermediates\exploded-aar\me.grantland\autofittextview\0.2.1\classes.jar
java_class_path (initial): D:\Programs [Installed]\Programming Tools\Android\Sdk\build-tools\21.1.2\lib\dx.jar
Launcher Type: SUN_STANDARD

Environment Variables:



---------------  S Y S T E M  ---------------

OS: Windows 8.1 , 64 bit Build 9600 (6.3.9600.17415)

CPU:total 4 (2 cores per cpu, 2 threads per core) family 6 model 69 stepping 1, cmov, cx8, fxsr, mmx, sse, sse2, sse3, ssse3, sse4.1, sse4.2, popcnt, avx, avx2, aes, clmul, erms, lzcnt, ht, tsc, tscinvbit, bmi1, bmi2

Memory: 4k page, physical 7766124k(931668k free), swap 10911852k(5032k free)

vm_info: Java HotSpot(TM) 64-Bit Server VM (25.40-b25) for windows-amd64 JRE (1.8.0_40-b25), built on Feb 10 2015 21:53:57 by "java_re" with MS VC++ 10.0 (VS2010)

time: Thu Jun 04 06:24:57 2015
elapsed time: 0 seconds (0d 0h 0m 0s)

