#
# There is insufficient memory for the Java Runtime Environment to continue.
# Native memory allocation (malloc) failed to allocate 262160 bytes for Chunk::new
# Possible reasons:
#   The system is out of physical RAM or swap space
#   In 32 bit mode, the process size limit was hit
# Possible solutions:
#   Reduce memory load on the system
#   Increase physical memory or swap space
#   Check if swap backing store is full
#   Use 64 bit Java on a 64 bit OS
#   Decrease Java heap size (-Xmx/-Xms)
#   Decrease number of Java threads
#   Decrease Java thread stack sizes (-Xss)
#   Set larger code cache with -XX:ReservedCodeCacheSize=
# This output file may be truncated or incomplete.
#
#  Out of Memory Error (allocation.cpp:390), pid=8472, tid=5404
#
# JRE version: Java(TM) SE Runtime Environment (8.0_40-b25) (build 1.8.0_40-b25)
# Java VM: Java HotSpot(TM) 64-Bit Server VM (25.40-b25 mixed mode windows-amd64 compressed oops)
# Failed to write core dump. Minidumps are not enabled by default on client versions of Windows
#

---------------  T H R E A D  ---------------

Current thread (0x000000001518a800):  JavaThread "C2 CompilerThread0" daemon [_thread_in_native, id=5404, stack(0x00000000166e0000,0x00000000167e0000)]

Stack: [0x00000000166e0000,0x00000000167e0000]
Native frames: (J=compiled Java code, j=interpreted, Vv=VM code, C=native code)
V  [jvm.dll+0x32b47a]


Current CompileTask:
C2:   7384 1598   !   4       com.android.dx.cf.code.Ropper::processBlock (1101 bytes)


---------------  P R O C E S S  ---------------

Java Threads: ( => current thread )
  0x00000000169e5800 JavaThread "Service Thread" daemon [_thread_blocked, id=8588, stack(0x0000000016de0000,0x0000000016ee0000)]
  0x00000000151e9000 JavaThread "C1 CompilerThread2" daemon [_thread_blocked, id=5720, stack(0x00000000168e0000,0x00000000169e0000)]
  0x0000000015190000 JavaThread "C2 CompilerThread1" daemon [_thread_in_native, id=6548, stack(0x00000000167e0000,0x00000000168e0000)]
=>0x000000001518a800 JavaThread "C2 CompilerThread0" daemon [_thread_in_native, id=5404, stack(0x00000000166e0000,0x00000000167e0000)]
  0x0000000015189000 JavaThread "Attach Listener" daemon [_thread_blocked, id=7540, stack(0x00000000165e0000,0x00000000166e0000)]
  0x0000000015187800 JavaThread "Signal Dispatcher" daemon [_thread_blocked, id=11076, stack(0x00000000164e0000,0x00000000165e0000)]
  0x0000000002ab8000 JavaThread "Finalizer" daemon [_thread_blocked, id=5900, stack(0x00000000163e0000,0x00000000164e0000)]
  0x0000000002aaf000 JavaThread "Reference Handler" daemon [_thread_blocked, id=6416, stack(0x00000000162e0000,0x00000000163e0000)]
  0x00000000029c0800 JavaThread "main" [_thread_in_vm, id=5556, stack(0x00000000027e0000,0x00000000028e0000)]

Other Threads:
  0x0000000015157800 VMThread [stack: 0x00000000161e0000,0x00000000162e0000] [id=4712]
  0x00000000169e7800 WatcherThread [stack: 0x0000000016ee0000,0x0000000016fe0000] [id=10544]

VM state:not at safepoint (normal execution)

VM Mutex/Monitor currently owned by a thread: None

Heap:
 PSYoungGen      total 66560K, used 15223K [0x00000000eab00000, 0x00000000ef100000, 0x0000000100000000)
  eden space 61440K, 16% used [0x00000000eab00000,0x00000000eb4e3568,0x00000000ee700000)
  from space 5120K, 99% used [0x00000000eec00000,0x00000000ef0fa988,0x00000000ef100000)
  to   space 5120K, 0% used [0x00000000ee700000,0x00000000ee700000,0x00000000eec00000)
 ParOldGen       total 81920K, used 5246K [0x00000000c0000000, 0x00000000c5000000, 0x00000000eab00000)
  object space 81920K, 6% used [0x00000000c0000000,0x00000000c051f870,0x00000000c5000000)
 Metaspace       used 5836K, capacity 7088K, committed 7296K, reserved 1056768K
  class space    used 556K, capacity 616K, committed 640K, reserved 1048576K

Card table byte_map: [0x0000000011e80000,0x0000000012090000] byte_map_base: 0x0000000011880000

Marking Bits: (ParMarkBitMap*) 0x000000006ecf4040
 Begin Bits: [0x00000000125f0000, 0x00000000135f0000)
 End Bits:   [0x00000000135f0000, 0x00000000145f0000)

Polling page: 0x0000000000fe0000

CodeCache: size=245760Kb used=7555Kb max_used=7555Kb free=238204Kb
 bounds [0x0000000002ac0000, 0x0000000003230000, 0x0000000011ac0000]
 total_blobs=1904 nmethods=1639 adapters=178
 compilation: enabled

Compilation events (10 events):
Event: 6.603 Thread 0x00000000151e9000 1622       3       com.android.dx.rop.code.Rops::opPutField (97 bytes)
Event: 6.604 Thread 0x00000000151e9000 nmethod 1622 0x00000000031fd110 code [0x00000000031fd340, 0x00000000031fdfb8]
Event: 6.607 Thread 0x00000000151e9000 1625       3       com.android.dx.cf.direct.FieldListParser::set (30 bytes)
Event: 6.608 Thread 0x00000000151e9000 nmethod 1625 0x00000000031fe550 code [0x00000000031fe740, 0x00000000031ff1d8]
Event: 6.608 Thread 0x00000000151e9000 1626       3       com.android.dx.cf.direct.AttributeFactory::parse0 (53 bytes)
Event: 6.609 Thread 0x00000000151e9000 nmethod 1626 0x00000000031ffa50 code [0x00000000031ffc40, 0x00000000032005a8]
Event: 6.609 Thread 0x00000000151e9000 1627       3       com.android.dx.cf.iface.StdFieldList::get (9 bytes)
Event: 6.610 Thread 0x00000000151e9000 nmethod 1627 0x0000000003200cd0 code [0x0000000003200e40, 0x0000000003201148]
Event: 6.610 Thread 0x00000000151e9000 1628       3       com.android.dx.dex.file.EncodedField::<init> (25 bytes)
Event: 6.610 Thread 0x00000000151e9000 nmethod 1628 0x0000000003201210 code [0x00000000032013a0, 0x00000000032016c8]

GC Heap History (4 events):
Event: 2.967 GC heap before
{Heap before GC invocations=1 (full 0):
 PSYoungGen      total 35840K, used 30720K [0x00000000eab00000, 0x00000000ed300000, 0x0000000100000000)
  eden space 30720K, 100% used [0x00000000eab00000,0x00000000ec900000,0x00000000ec900000)
  from space 5120K, 0% used [0x00000000ece00000,0x00000000ece00000,0x00000000ed300000)
  to   space 5120K, 0% used [0x00000000ec900000,0x00000000ec900000,0x00000000ece00000)
 ParOldGen       total 81920K, used 0K [0x00000000c0000000, 0x00000000c5000000, 0x00000000eab00000)
  object space 81920K, 0% used [0x00000000c0000000,0x00000000c0000000,0x00000000c5000000)
 Metaspace       used 5658K, capacity 6896K, committed 7040K, reserved 1056768K
  class space    used 550K, capacity 616K, committed 640K, reserved 1048576K
Event: 3.058 GC heap after
Heap after GC invocations=1 (full 0):
 PSYoungGen      total 35840K, used 5118K [0x00000000eab00000, 0x00000000ef100000, 0x0000000100000000)
  eden space 30720K, 0% used [0x00000000eab00000,0x00000000eab00000,0x00000000ec900000)
  from space 5120K, 99% used [0x00000000ec900000,0x00000000ecdff820,0x00000000ece00000)
  to   space 5120K, 0% used [0x00000000eec00000,0x00000000eec00000,0x00000000ef100000)
 ParOldGen       total 81920K, used 1124K [0x00000000c0000000, 0x00000000c5000000, 0x00000000eab00000)
  object space 81920K, 1% used [0x00000000c0000000,0x00000000c01193d0,0x00000000c5000000)
 Metaspace       used 5658K, capacity 6896K, committed 7040K, reserved 1056768K
  class space    used 550K, capacity 616K, committed 640K, reserved 1048576K
}
Event: 6.614 GC heap before
{Heap before GC invocations=2 (full 0):
 PSYoungGen      total 35840K, used 35838K [0x00000000eab00000, 0x00000000ef100000, 0x0000000100000000)
  eden space 30720K, 100% used [0x00000000eab00000,0x00000000ec900000,0x00000000ec900000)
  from space 5120K, 99% used [0x00000000ec900000,0x00000000ecdff820,0x00000000ece00000)
  to   space 5120K, 0% used [0x00000000eec00000,0x00000000eec00000,0x00000000ef100000)
 ParOldGen       total 81920K, used 1124K [0x00000000c0000000, 0x00000000c5000000, 0x00000000eab00000)
  object space 81920K, 1% used [0x00000000c0000000,0x00000000c01193d0,0x00000000c5000000)
 Metaspace       used 5823K, capacity 7024K, committed 7296K, reserved 1056768K
  class space    used 556K, capacity 616K, committed 640K, reserved 1048576K
Event: 7.152 GC heap after
Heap after GC invocations=2 (full 0):
 PSYoungGen      total 66560K, used 5098K [0x00000000eab00000, 0x00000000ef100000, 0x0000000100000000)
  eden space 61440K, 0% used [0x00000000eab00000,0x00000000eab00000,0x00000000ee700000)
  from space 5120K, 99% used [0x00000000eec00000,0x00000000ef0fa988,0x00000000ef100000)
  to   space 5120K, 0% used [0x00000000ee700000,0x00000000ee700000,0x00000000eec00000)
 ParOldGen       total 81920K, used 5246K [0x00000000c0000000, 0x00000000c5000000, 0x00000000eab00000)
  object space 81920K, 6% used [0x00000000c0000000,0x00000000c051f870,0x00000000c5000000)
 Metaspace       used 5823K, capacity 7024K, committed 7296K, reserved 1056768K
  class space    used 556K, capacity 616K, committed 640K, reserved 1048576K
}

Deoptimization events (10 events):
Event: 5.126 Thread 0x00000000029c0800 Uncommon trap: reason=unstable_if action=reinterpret pc=0x0000000002f4227c method=com.android.dx.util.IntList.binarysearch(I)I @ 105
Event: 5.134 Thread 0x00000000029c0800 Uncommon trap: reason=unstable_if action=reinterpret pc=0x00000000031456c4 method=com.android.dx.ssa.SsaBasicBlock.newFromRop(Lcom/android/dx/rop/code/RopMethod;ILcom/android/dx/ssa/SsaMethod;)Lcom/android/dx/ssa/SsaBasicBlock; @ 164
Event: 5.206 Thread 0x00000000029c0800 Uncommon trap: reason=unstable_if action=reinterpret pc=0x00000000030eba74 method=com.android.dx.ssa.SsaMethod.blockIndexToRopLabel(I)I @ 1
Event: 5.756 Thread 0x00000000029c0800 Uncommon trap: reason=bimorphic action=maybe_recompile pc=0x00000000030bb784 method=com.android.dx.cf.code.BytecodeArray.parseInstruction(ILcom/android/dx/cf/code/BytecodeArray$Visitor;)I @ 1130
Event: 5.756 Thread 0x00000000029c0800 Uncommon trap: reason=bimorphic action=maybe_recompile pc=0x00000000030bb3e0 method=com.android.dx.cf.code.BytecodeArray.parseInstruction(ILcom/android/dx/cf/code/BytecodeArray$Visitor;)I @ 939
Event: 5.756 Thread 0x00000000029c0800 Uncommon trap: reason=bimorphic action=maybe_recompile pc=0x00000000030bb4a4 method=com.android.dx.cf.code.BytecodeArray.parseInstruction(ILcom/android/dx/cf/code/BytecodeArray$Visitor;)I @ 971
Event: 5.756 Thread 0x00000000029c0800 Uncommon trap: reason=bimorphic action=maybe_recompile pc=0x00000000030bb784 method=com.android.dx.cf.code.BytecodeArray.parseInstruction(ILcom/android/dx/cf/code/BytecodeArray$Visitor;)I @ 1130
Event: 5.770 Thread 0x00000000029c0800 Uncommon trap: reason=unstable_if action=reinterpret pc=0x0000000003003e4c method=com.android.dx.ssa.MoveParamCombiner$1.visitNonMoveInsn(Lcom/android/dx/ssa/NormalSsaInsn;)V @ 27
Event: 6.286 Thread 0x00000000029c0800 Uncommon trap: reason=class_check action=maybe_recompile pc=0x00000000031d3730 method=com.android.dx.cf.code.BytecodeArray.parseInstruction(ILcom/android/dx/cf/code/BytecodeArray$Visitor;)I @ 955
Event: 6.287 Thread 0x00000000029c0800 Uncommon trap: reason=class_check action=maybe_recompile pc=0x00000000031d3730 method=com.android.dx.cf.code.BytecodeArray.parseInstruction(ILcom/android/dx/cf/code/BytecodeArray$Visitor;)I @ 955

Internal exceptions (3 events):
Event: 0.049 Thread 0x00000000029c0800 Exception <a 'java/lang/NoSuchMethodError': Method sun.misc.Unsafe.defineClass(Ljava/lang/String;[BII)Ljava/lang/Class; name or signature does not match> (0x00000000eab0d1b0) thrown at [D:\re\workspace\8-2-build-windows-amd64-cygwin\jdk8u40\2855\hotspot\sr'FËÖ‡®?
Event: 0.049 Thread 0x00000000029c0800 Exception <a 'java/lang/NoSuchMethodError': Method sun.misc.Unsafe.prefetchRead(Ljava/lang/Object;J)V name or signature does not match> (0x00000000eab0d440) thrown at [D:\re\workspace\8-2-build-windows-amd64-cygwin\jdk8u40\2855\hotspot\src\share\vm\prims\jÍç’’˚¯?
Event: 1.561 Thread 0x00000000029c0800 Implicit null exception at 0x0000000002ed4c22 to 0x0000000002ed4d15

Events (10 events):
Event: 5.770 Thread 0x00000000029c0800 DEOPT PACKING pc=0x0000000003003e4c sp=0x00000000028deab0
Event: 5.770 Thread 0x00000000029c0800 DEOPT UNPACKING pc=0x0000000002b0582a sp=0x00000000028dea08 mode 2
Event: 6.286 Thread 0x00000000029c0800 Uncommon trap: trap_request=0xffffffde fr.pc=0x00000000031d3730
Event: 6.286 Thread 0x00000000029c0800 DEOPT PACKING pc=0x00000000031d3730 sp=0x00000000028dea40
Event: 6.286 Thread 0x00000000029c0800 DEOPT UNPACKING pc=0x0000000002b0582a sp=0x00000000028dea10 mode 2
Event: 6.287 Thread 0x00000000029c0800 Uncommon trap: trap_request=0xffffffde fr.pc=0x00000000031d3730
Event: 6.287 Thread 0x00000000029c0800 DEOPT PACKING pc=0x00000000031d3730 sp=0x00000000028de8a0
Event: 6.287 Thread 0x00000000029c0800 DEOPT UNPACKING pc=0x0000000002b0582a sp=0x00000000028de870 mode 2
Event: 6.614 Executing VM operation: ParallelGCFailedAllocation
Event: 7.152 Executing VM operation: ParallelGCFailedAllocation done


Dynamic libraries:
0x00007ff6f94a0000 - 0x00007ff6f94d7000 	D:\Programs [Installed]\Programming Tools\Java\Jdk\bin\java.exe
0x00007ffe49930000 - 0x00007ffe49adc000 	C:\WINDOWS\SYSTEM32\ntdll.dll
0x00007ffe476c0000 - 0x00007ffe477fe000 	C:\WINDOWS\system32\KERNEL32.DLL
0x00007ffe46c00000 - 0x00007ffe46d15000 	C:\WINDOWS\system32\KERNELBASE.dll
0x00007ffe45610000 - 0x00007ffe4569e000 	C:\WINDOWS\system32\apphelp.dll
0x00007ffe3a640000 - 0x00007ffe3a693000 	C:\WINDOWS\AppPatch\AppPatch64\AcGenral.DLL
0x00007ffe48f70000 - 0x00007ffe4901a000 	C:\WINDOWS\system32\msvcrt.dll
0x00007ffe46920000 - 0x00007ffe4694e000 	C:\WINDOWS\SYSTEM32\SspiCli.dll
0x00007ffe494d0000 - 0x00007ffe49524000 	C:\WINDOWS\system32\SHLWAPI.dll
0x00007ffe492f0000 - 0x00007ffe49467000 	C:\WINDOWS\system32\USER32.dll
0x00007ffe47310000 - 0x00007ffe474a4000 	C:\WINDOWS\system32\ole32.dll
0x00007ffe47a50000 - 0x00007ffe48f68000 	C:\WINDOWS\system32\SHELL32.dll
0x00007ffe46060000 - 0x00007ffe46081000 	C:\WINDOWS\SYSTEM32\USERENV.dll
0x00007ffe49240000 - 0x00007ffe492ea000 	C:\WINDOWS\system32\ADVAPI32.dll
0x00007ffe3f190000 - 0x00007ffe3f1ae000 	C:\WINDOWS\SYSTEM32\MPR.dll
0x00007ffe497d0000 - 0x00007ffe49911000 	C:\WINDOWS\system32\RPCRT4.dll
0x00007ffe471e0000 - 0x00007ffe47239000 	C:\WINDOWS\SYSTEM32\sechost.dll
0x00007ffe49020000 - 0x00007ffe49231000 	C:\WINDOWS\SYSTEM32\combase.dll
0x00007ffe47800000 - 0x00007ffe47951000 	C:\WINDOWS\system32\GDI32.dll
0x00007ffe46a80000 - 0x00007ffe46a95000 	C:\WINDOWS\SYSTEM32\profapi.dll
0x00007ffe44fe0000 - 0x00007ffe45092000 	C:\WINDOWS\SYSTEM32\SHCORE.dll
0x00007ffe472b0000 - 0x00007ffe472e6000 	C:\WINDOWS\system32\IMM32.DLL
0x00007ffe47080000 - 0x00007ffe471d2000 	C:\WINDOWS\system32\MSCTF.dll
0x00007ffe3fd80000 - 0x00007ffe3fffb000 	C:\WINDOWS\WinSxS\amd64_microsoft.windows.common-controls_6595b64144ccf1df_6.0.9600.17784_none_624760d1ecb7236e\COMCTL32.dll
0x000000006e070000 - 0x000000006e142000 	D:\Programs [Installed]\Programming Tools\Java\Jdk\jre\bin\msvcr100.dll
0x000000006e4f0000 - 0x000000006ed73000 	D:\Programs [Installed]\Programming Tools\Java\Jdk\jre\bin\server\jvm.dll
0x00007ffe3e7f0000 - 0x00007ffe3e7f9000 	C:\WINDOWS\SYSTEM32\WSOCK32.dll
0x00007ffe420f0000 - 0x00007ffe42112000 	C:\WINDOWS\SYSTEM32\WINMM.dll
0x00007ffe410a0000 - 0x00007ffe410aa000 	C:\WINDOWS\SYSTEM32\VERSION.dll
0x00007ffe47960000 - 0x00007ffe47967000 	C:\WINDOWS\system32\PSAPI.DLL
0x00007ffe474b0000 - 0x00007ffe4750a000 	C:\WINDOWS\system32\WS2_32.dll
0x00007ffe420c0000 - 0x00007ffe420ea000 	C:\WINDOWS\SYSTEM32\WINMMBASE.dll
0x00007ffe47980000 - 0x00007ffe47989000 	C:\WINDOWS\system32\NSI.dll
0x00007ffe46b50000 - 0x00007ffe46b9f000 	C:\WINDOWS\SYSTEM32\cfgmgr32.dll
0x00007ffe45890000 - 0x00007ffe458b8000 	C:\WINDOWS\SYSTEM32\DEVOBJ.dll
0x000000006e4e0000 - 0x000000006e4ef000 	D:\Programs [Installed]\Programming Tools\Java\Jdk\jre\bin\verify.dll
0x000000006e4b0000 - 0x000000006e4d9000 	D:\Programs [Installed]\Programming Tools\Java\Jdk\jre\bin\java.dll
0x000000006e490000 - 0x000000006e4a6000 	D:\Programs [Installed]\Programming Tools\Java\Jdk\jre\bin\zip.dll
0x00007ffe42740000 - 0x00007ffe428c9000 	C:\WINDOWS\SYSTEM32\dbghelp.dll

VM Arguments:
jvm_args: -Xmx1024M -Dfile.encoding=windows-1252 -Duser.country=IN -Duser.language=en -Duser.variant 
java_command: com.android.dx.command.Main --dex --output D:\Documents\ProgrammingProjects\AndroidProjects\AndroidStudioProjects\Dots\app\build\intermediates\pre-dexed\debug\classes-b2fa8915a3482f11dccf04bf6b824e5f8715019e.jar D:\Documents\ProgrammingProjects\AndroidProjects\AndroidStudioProjects\Dots\app\build\intermediates\exploded-aar\com.android.support\appcompat-v7\22.1.1\classes.jar
java_class_path (initial): D:\Programs [Installed]\Programming Tools\Android\Sdk\build-tools\21.1.2\lib\dx.jar
Launcher Type: SUN_STANDARD

Environment Variables:
JAVA_HOME=D:\Programs [Installed]\Programming Tools\Java\Jdk\
PATH=C:\ProgramData\Oracle\Java\javapath;C:\WINDOWS\system32;C:\WINDOWS;C:\WINDOWS\System32\Wbem;C:\WINDOWS\System32\WindowsPowerShell\v1.0\
USERNAME=Pratick
OS=Windows_NT
PROCESSOR_IDENTIFIER=Intel64 Family 6 Model 69 Stepping 1, GenuineIntel



---------------  S Y S T E M  ---------------

OS: Windows 8.1 , 64 bit Build 9600 (6.3.9600.17415)

CPU:total 4 (2 cores per cpu, 2 threads per core) family 6 model 69 stepping 1, cmov, cx8, fxsr, mmx, sse, sse2, sse3, ssse3, sse4.1, sse4.2, popcnt, avx, avx2, aes, clmul, erms, lzcnt, ht, tsc, tscinvbit, bmi1, bmi2

Memory: 4k page, physical 7766124k(910408k free), swap 10911852k(4688k free)

vm_info: Java HotSpot(TM) 64-Bit Server VM (25.40-b25) for windows-amd64 JRE (1.8.0_40-b25), built on Feb 10 2015 21:53:57 by "java_re" with MS VC++ 10.0 (VS2010)

time: Thu Jun 04 06:04:18 2015
elapsed time: 7 seconds (0d 0h 0m 7s)

