#
# There is insufficient memory for the Java Runtime Environment to continue.
# Native memory allocation (malloc) failed to allocate 32744 bytes for ChunkPool::allocate
# Possible reasons:
#   The system is out of physical RAM or swap space
#   In 32 bit mode, the process size limit was hit
# Possible solutions:
#   Reduce memory load on the system
#   Increase physical memory or swap space
#   Check if swap backing store is full
#   Use 64 bit Java on a 64 bit OS
#   Decrease Java heap size (-Xmx/-Xms)
#   Decrease number of Java threads
#   Decrease Java thread stack sizes (-Xss)
#   Set larger code cache with -XX:ReservedCodeCacheSize=
# This output file may be truncated or incomplete.
#
#  Out of Memory Error (allocation.cpp:273), pid=8676, tid=440
#
# JRE version: Java(TM) SE Runtime Environment (8.0_40-b25) (build 1.8.0_40-b25)
# Java VM: Java HotSpot(TM) 64-Bit Server VM (25.40-b25 mixed mode windows-amd64 compressed oops)
# Failed to write core dump. Minidumps are not enabled by default on client versions of Windows
#

---------------  T H R E A D  ---------------

Current thread (0x00000000149bf000):  JavaThread "C2 CompilerThread1" daemon [_thread_in_native, id=440, stack(0x0000000016050000,0x0000000016150000)]

Stack: [0x0000000016050000,0x0000000016150000]
Native frames: (J=compiled Java code, j=interpreted, Vv=VM code, C=native code)
V  [jvm.dll+0x32b47a]


Current CompileTask:
C2:   1052  462       4       com.android.dx.util.MutabilityControl::throwIfImmutable (18 bytes)


---------------  P R O C E S S  ---------------

Java Threads: ( => current thread )
  0x0000000014a1c800 JavaThread "Service Thread" daemon [_thread_blocked, id=5168, stack(0x0000000016650000,0x0000000016750000)]
  0x0000000014a18000 JavaThread "C1 CompilerThread2" daemon [_thread_in_native, id=8476, stack(0x0000000016150000,0x0000000016250000)]
=>0x00000000149bf000 JavaThread "C2 CompilerThread1" daemon [_thread_in_native, id=440, stack(0x0000000016050000,0x0000000016150000)]
  0x00000000149b8000 JavaThread "C2 CompilerThread0" daemon [_thread_in_native, id=10756, stack(0x0000000015f50000,0x0000000016050000)]
  0x00000000149b7000 JavaThread "Attach Listener" daemon [_thread_blocked, id=7540, stack(0x0000000015e50000,0x0000000015f50000)]
  0x00000000149b5800 JavaThread "Signal Dispatcher" daemon [_thread_blocked, id=8308, stack(0x0000000015d50000,0x0000000015e50000)]
  0x00000000022e1000 JavaThread "Finalizer" daemon [_thread_blocked, id=7856, stack(0x0000000015c50000,0x0000000015d50000)]
  0x00000000022de000 JavaThread "Reference Handler" daemon [_thread_blocked, id=10724, stack(0x0000000015b50000,0x0000000015c50000)]
  0x00000000021f0800 JavaThread "main" [_thread_in_vm, id=9108, stack(0x0000000002030000,0x0000000002130000)]

Other Threads:
  0x0000000014987800 VMThread [stack: 0x0000000015a50000,0x0000000015b50000] [id=7460]
  0x0000000016250800 WatcherThread [stack: 0x0000000016750000,0x0000000016850000] [id=9712]

VM state:not at safepoint (normal execution)

VM Mutex/Monitor currently owned by a thread: None

Heap:
 PSYoungGen      total 35840K, used 9272K [0x00000000eab00000, 0x00000000ed300000, 0x0000000100000000)
  eden space 30720K, 30% used [0x00000000eab00000,0x00000000eb40e158,0x00000000ec900000)
  from space 5120K, 0% used [0x00000000ece00000,0x00000000ece00000,0x00000000ed300000)
  to   space 5120K, 0% used [0x00000000ec900000,0x00000000ec900000,0x00000000ece00000)
 ParOldGen       total 81920K, used 0K [0x00000000c0000000, 0x00000000c5000000, 0x00000000eab00000)
  object space 81920K, 0% used [0x00000000c0000000,0x00000000c0000000,0x00000000c5000000)
 Metaspace       used 4983K, capacity 6320K, committed 6528K, reserved 1056768K
  class space    used 540K, capacity 616K, committed 640K, reserved 1048576K

Card table byte_map: [0x00000000116b0000,0x00000000118c0000] byte_map_base: 0x00000000110b0000

Marking Bits: (ParMarkBitMap*) 0x000000006ecf4040
 Begin Bits: [0x0000000011e20000, 0x0000000012e20000)
 End Bits:   [0x0000000012e20000, 0x0000000013e20000)

Polling page: 0x0000000002130000

CodeCache: size=245760Kb used=1906Kb max_used=1906Kb free=243853Kb
 bounds [0x00000000022f0000, 0x0000000002560000, 0x00000000112f0000]
 total_blobs=719 nmethods=452 adapters=178
 compilation: enabled

Compilation events (10 events):
Event: 1.046 Thread 0x0000000014a18000  449       3       java.util.zip.ZipUtils::dosToJavaTime (71 bytes)
Event: 1.047 Thread 0x0000000014a18000 nmethod 449 0x00000000024c7ad0 code [0x00000000024c7c60, 0x00000000024c8118]
Event: 1.047 Thread 0x0000000014a18000  450       3       sun.util.calendar.BaseCalendar$Date::<init> (32 bytes)
Event: 1.047 Thread 0x0000000014a18000 nmethod 450 0x00000000024c82d0 code [0x00000000024c8440, 0x00000000024c8690]
Event: 1.047 Thread 0x0000000014a18000  451       3       java.util.Date::normalize (110 bytes)
Event: 1.048 Thread 0x0000000014a18000 nmethod 451 0x00000000024c8790 code [0x00000000024c89e0, 0x00000000024c9a58]
Event: 1.048 Thread 0x0000000014a18000  456       1       com.android.dx.cf.attrib.AttCode::getCatches (5 bytes)
Event: 1.048 Thread 0x0000000014a18000 nmethod 456 0x00000000024c9f90 code [0x00000000024ca0e0, 0x00000000024ca1f0]
Event: 1.048 Thread 0x0000000014a18000  452       3       java.util.zip.ZipEntry::setExtra0 (350 bytes)
Event: 1.051 Thread 0x00000000149bf000  462       4       com.android.dx.util.MutabilityControl::throwIfImmutable (18 bytes)

GC Heap History (0 events):
No events

Deoptimization events (0 events):
No events

Internal exceptions (2 events):
Event: 0.272 Thread 0x00000000021f0800 Exception <a 'java/lang/NoSuchMethodError': Method sun.misc.Unsafe.defineClass(Ljava/lang/String;[BII)Ljava/lang/Class; name or signature does not match> (0x00000000eab0d228) thrown at [D:\re\workspace\8-2-build-windows-amd64-cygwin\jdk8u40\2855\hotspot\srΩ!@DÔl—?
Event: 0.272 Thread 0x00000000021f0800 Exception <a 'java/lang/NoSuchMethodError': Method sun.misc.Unsafe.prefetchRead(Ljava/lang/Object;J)V name or signature does not match> (0x00000000eab0d4b8) thrown at [D:\re\workspace\8-2-build-windows-amd64-cygwin\jdk8u40\2855\hotspot\src\share\vm\prims\j

Events (10 events):
Event: 1.039 loading class com/android/dx/dex/file/CodeItem
Event: 1.039 loading class com/android/dx/dex/file/CodeItem done
Event: 1.040 loading class com/android/dx/dex/file/DebugInfoItem
Event: 1.040 loading class com/android/dx/dex/file/DebugInfoItem done
Event: 1.045 loading class java/io/PrintWriter
Event: 1.046 loading class java/io/PrintWriter done
Event: 1.046 loading class com/android/dx/rop/annotation/AnnotationsList
Event: 1.046 loading class com/android/dx/rop/annotation/AnnotationsList done
Event: 1.047 loading class com/android/dx/dex/file/MethodIdItem
Event: 1.047 loading class com/android/dx/dex/file/MethodIdItem done


Dynamic libraries:
0x00007ff6f94a0000 - 0x00007ff6f94d7000 	D:\Programs [Installed]\Programming Tools\Java\Jdk\bin\java.exe
0x00007ffe49930000 - 0x00007ffe49adc000 	C:\WINDOWS\SYSTEM32\ntdll.dll
0x00007ffe476c0000 - 0x00007ffe477fe000 	C:\WINDOWS\system32\KERNEL32.DLL
0x00007ffe46c00000 - 0x00007ffe46d15000 	C:\WINDOWS\system32\KERNELBASE.dll
0x00007ffe45610000 - 0x00007ffe4569e000 	C:\WINDOWS\system32\apphelp.dll
0x00007ffe3a640000 - 0x00007ffe3a693000 	C:\WINDOWS\AppPatch\AppPatch64\AcGenral.DLL
0x00007ffe48f70000 - 0x00007ffe4901a000 	C:\WINDOWS\system32\msvcrt.dll
0x00007ffe46920000 - 0x00007ffe4694e000 	C:\WINDOWS\SYSTEM32\SspiCli.dll
0x00007ffe494d0000 - 0x00007ffe49524000 	C:\WINDOWS\system32\SHLWAPI.dll
0x00007ffe492f0000 - 0x00007ffe49467000 	C:\WINDOWS\system32\USER32.dll
0x00007ffe47310000 - 0x00007ffe474a4000 	C:\WINDOWS\system32\ole32.dll
0x00007ffe47a50000 - 0x00007ffe48f68000 	C:\WINDOWS\system32\SHELL32.dll
0x00007ffe46060000 - 0x00007ffe46081000 	C:\WINDOWS\SYSTEM32\USERENV.dll
0x00007ffe49240000 - 0x00007ffe492ea000 	C:\WINDOWS\system32\ADVAPI32.dll
0x00007ffe3f190000 - 0x00007ffe3f1ae000 	C:\WINDOWS\SYSTEM32\MPR.dll
0x00007ffe497d0000 - 0x00007ffe49911000 	C:\WINDOWS\system32\RPCRT4.dll
0x00007ffe471e0000 - 0x00007ffe47239000 	C:\WINDOWS\SYSTEM32\sechost.dll
0x00007ffe49020000 - 0x00007ffe49231000 	C:\WINDOWS\SYSTEM32\combase.dll
0x00007ffe47800000 - 0x00007ffe47951000 	C:\WINDOWS\system32\GDI32.dll
0x00007ffe46a80000 - 0x00007ffe46a95000 	C:\WINDOWS\SYSTEM32\profapi.dll
0x00007ffe44fe0000 - 0x00007ffe45092000 	C:\WINDOWS\SYSTEM32\SHCORE.dll
0x00007ffe472b0000 - 0x00007ffe472e6000 	C:\WINDOWS\system32\IMM32.DLL
0x00007ffe47080000 - 0x00007ffe471d2000 	C:\WINDOWS\system32\MSCTF.dll
0x00007ffe3fd80000 - 0x00007ffe3fffb000 	C:\WINDOWS\WinSxS\amd64_microsoft.windows.common-controls_6595b64144ccf1df_6.0.9600.17784_none_624760d1ecb7236e\COMCTL32.dll
0x000000006e070000 - 0x000000006e142000 	D:\Programs [Installed]\Programming Tools\Java\Jdk\jre\bin\msvcr100.dll
0x000000006e4f0000 - 0x000000006ed73000 	D:\Programs [Installed]\Programming Tools\Java\Jdk\jre\bin\server\jvm.dll
0x00007ffe3e7f0000 - 0x00007ffe3e7f9000 	C:\WINDOWS\SYSTEM32\WSOCK32.dll
0x00007ffe420f0000 - 0x00007ffe42112000 	C:\WINDOWS\SYSTEM32\WINMM.dll
0x00007ffe410a0000 - 0x00007ffe410aa000 	C:\WINDOWS\SYSTEM32\VERSION.dll
0x00007ffe47960000 - 0x00007ffe47967000 	C:\WINDOWS\system32\PSAPI.DLL
0x00007ffe474b0000 - 0x00007ffe4750a000 	C:\WINDOWS\system32\WS2_32.dll
0x00007ffe420c0000 - 0x00007ffe420ea000 	C:\WINDOWS\SYSTEM32\WINMMBASE.dll
0x00007ffe47980000 - 0x00007ffe47989000 	C:\WINDOWS\system32\NSI.dll
0x00007ffe46b50000 - 0x00007ffe46b9f000 	C:\WINDOWS\SYSTEM32\cfgmgr32.dll
0x00007ffe45890000 - 0x00007ffe458b8000 	C:\WINDOWS\SYSTEM32\DEVOBJ.dll
0x000000006e4e0000 - 0x000000006e4ef000 	D:\Programs [Installed]\Programming Tools\Java\Jdk\jre\bin\verify.dll
0x000000006e4b0000 - 0x000000006e4d9000 	D:\Programs [Installed]\Programming Tools\Java\Jdk\jre\bin\java.dll
0x000000006e490000 - 0x000000006e4a6000 	D:\Programs [Installed]\Programming Tools\Java\Jdk\jre\bin\zip.dll

VM Arguments:
jvm_args: -Xmx1024M -Dfile.encoding=windows-1252 -Duser.country=IN -Duser.language=en -Duser.variant 
java_command: com.android.dx.command.Main --dex --output D:\Documents\ProgrammingProjects\AndroidProjects\AndroidStudioProjects\Dots\app\build\intermediates\pre-dexed\debug\classes-dce9d249169204ac46cfdd5c5c932cc735c445c8.jar D:\Documents\ProgrammingProjects\AndroidProjects\AndroidStudioProjects\Dots\app\build\intermediates\exploded-aar\com.github.johnpersano\supertoasts\1.3.4\classes.jar
java_class_path (initial): D:\Programs [Installed]\Programming Tools\Android\Sdk\build-tools\21.1.2\lib\dx.jar
Launcher Type: SUN_STANDARD

Environment Variables:



---------------  S Y S T E M  ---------------

OS: Windows 8.1 , 64 bit Build 9600 (6.3.9600.17415)

CPU:total 4 (2 cores per cpu, 2 threads per core) family 6 model 69 stepping 1, cmov, cx8, fxsr, mmx, sse, sse2, sse3, ssse3, sse4.1, sse4.2, popcnt, avx, avx2, aes, clmul, erms, lzcnt, ht, tsc, tscinvbit, bmi1, bmi2

Memory: 4k page, physical 7766124k(1268436k free), swap 10911852k(5092k free)

vm_info: Java HotSpot(TM) 64-Bit Server VM (25.40-b25) for windows-amd64 JRE (1.8.0_40-b25), built on Feb 10 2015 21:53:57 by "java_re" with MS VC++ 10.0 (VS2010)

time: Thu Jun 04 06:28:29 2015
elapsed time: 1 seconds (0d 0h 0m 1s)

