#
# There is insufficient memory for the Java Runtime Environment to continue.
# Native memory allocation (malloc) failed to allocate 1095312 bytes for Chunk::new
# Possible reasons:
#   The system is out of physical RAM or swap space
#   In 32 bit mode, the process size limit was hit
# Possible solutions:
#   Reduce memory load on the system
#   Increase physical memory or swap space
#   Check if swap backing store is full
#   Use 64 bit Java on a 64 bit OS
#   Decrease Java heap size (-Xmx/-Xms)
#   Decrease number of Java threads
#   Decrease Java thread stack sizes (-Xss)
#   Set larger code cache with -XX:ReservedCodeCacheSize=
# This output file may be truncated or incomplete.
#
#  Out of Memory Error (allocation.cpp:390), pid=7436, tid=8040
#
# JRE version: Java(TM) SE Runtime Environment (8.0_40-b25) (build 1.8.0_40-b25)
# Java VM: Java HotSpot(TM) 64-Bit Server VM (25.40-b25 mixed mode windows-amd64 compressed oops)
# Failed to write core dump. Minidumps are not enabled by default on client versions of Windows
#

---------------  T H R E A D  ---------------

Current thread (0x0000000014d15800):  JavaThread "C2 CompilerThread1" daemon [_thread_in_native, id=8040, stack(0x0000000016310000,0x0000000016410000)]

Stack: [0x0000000016310000,0x0000000016410000]
Native frames: (J=compiled Java code, j=interpreted, Vv=VM code, C=native code)
V  [jvm.dll+0x32b47a]


Current CompileTask:
C2:   7372 1588       4       com.android.dx.rop.code.Rops::ropFor (771 bytes)


---------------  P R O C E S S  ---------------

Java Threads: ( => current thread )
  0x0000000016514800 JavaThread "Service Thread" daemon [_thread_blocked, id=1476, stack(0x0000000016910000,0x0000000016a10000)]
  0x0000000014d1b800 JavaThread "C1 CompilerThread2" daemon [_thread_blocked, id=2960, stack(0x0000000016410000,0x0000000016510000)]
=>0x0000000014d15800 JavaThread "C2 CompilerThread1" daemon [_thread_in_native, id=8040, stack(0x0000000016310000,0x0000000016410000)]
  0x0000000014cb9800 JavaThread "C2 CompilerThread0" daemon [_thread_in_native, id=9028, stack(0x0000000016210000,0x0000000016310000)]
  0x0000000014cb8000 JavaThread "Attach Listener" daemon [_thread_blocked, id=6148, stack(0x0000000016110000,0x0000000016210000)]
  0x0000000014cb6800 JavaThread "Signal Dispatcher" daemon [_thread_blocked, id=7688, stack(0x0000000016010000,0x0000000016110000)]
  0x00000000025e7000 JavaThread "Finalizer" daemon [_thread_blocked, id=8024, stack(0x0000000015f10000,0x0000000016010000)]
  0x00000000025de000 JavaThread "Reference Handler" daemon [_thread_blocked, id=2584, stack(0x0000000015e10000,0x0000000015f10000)]
  0x00000000024f0800 JavaThread "main" [_thread_in_Java, id=10812, stack(0x00000000023f0000,0x00000000024f0000)]

Other Threads:
  0x0000000014c86800 VMThread [stack: 0x0000000015d10000,0x0000000015e10000] [id=6492]
  0x0000000016517000 WatcherThread [stack: 0x0000000016a10000,0x0000000016b10000] [id=3168]

VM state:not at safepoint (normal execution)

VM Mutex/Monitor currently owned by a thread: None

Heap:
 PSYoungGen      total 35840K, used 34609K [0x00000000eab00000, 0x00000000ed300000, 0x0000000100000000)
  eden space 30720K, 96% used [0x00000000eab00000,0x00000000ec7ce950,0x00000000ec900000)
  from space 5120K, 99% used [0x00000000ec900000,0x00000000ecdfdc88,0x00000000ece00000)
  to   space 5120K, 0% used [0x00000000ece00000,0x00000000ece00000,0x00000000ed300000)
 ParOldGen       total 81920K, used 1207K [0x00000000c0000000, 0x00000000c5000000, 0x00000000eab00000)
  object space 81920K, 1% used [0x00000000c0000000,0x00000000c012dc68,0x00000000c5000000)
 Metaspace       used 5856K, capacity 7088K, committed 7296K, reserved 1056768K
  class space    used 555K, capacity 616K, committed 640K, reserved 1048576K

Card table byte_map: [0x00000000119b0000,0x0000000011bc0000] byte_map_base: 0x00000000113b0000

Marking Bits: (ParMarkBitMap*) 0x000000006ecf4040
 Begin Bits: [0x0000000012120000, 0x0000000013120000)
 End Bits:   [0x0000000013120000, 0x0000000014120000)

Polling page: 0x0000000002300000

CodeCache: size=245760Kb used=7065Kb max_used=7065Kb free=238694Kb
 bounds [0x00000000025f0000, 0x0000000002cf0000, 0x00000000115f0000]
 total_blobs=1869 nmethods=1604 adapters=178
 compilation: enabled

Compilation events (10 events):
Event: 6.926 Thread 0x0000000014d15800 1586   !   4       com.android.dx.rop.type.Type::intern (319 bytes)
Event: 6.935 Thread 0x0000000014d1b800 1587       3       com.android.dx.ssa.NormalSsaInsn::isMoveException (20 bytes)
Event: 6.936 Thread 0x0000000014d1b800 nmethod 1587 0x0000000002cba090 code [0x0000000002cba200, 0x0000000002cba4f0]
Event: 6.942 Thread 0x0000000014d1b800 1590       3       java.util.HashMap$HashIterator::nextNode (100 bytes)
Event: 6.942 Thread 0x0000000014d1b800 nmethod 1590 0x0000000002cb97d0 code [0x0000000002cb9980, 0x0000000002cb9e58]
Event: 6.975 Thread 0x0000000014d15800 nmethod 1586 0x0000000002cc5c10 code [0x0000000002cc5e60, 0x0000000002cc7580]
Event: 6.975 Thread 0x0000000014d15800 1589       4       com.android.dx.cf.code.RopperMachine::jopToRopOpcode (1103 bytes)
Event: 6.990 Thread 0x0000000014d15800 nmethod 1589 0x0000000002cba950 code [0x0000000002cbb2c0, 0x0000000002cbb9e8]
Event: 6.990 Thread 0x0000000014d15800 1588       4       com.android.dx.rop.code.Rops::ropFor (771 bytes)
Event: 7.080 Thread 0x0000000014cb9800 nmethod 1581 0x0000000002ccfc50 code [0x0000000002cd0240, 0x0000000002cd5e00]

GC Heap History (2 events):
Event: 3.628 GC heap before
{Heap before GC invocations=1 (full 0):
 PSYoungGen      total 35840K, used 30720K [0x00000000eab00000, 0x00000000ed300000, 0x0000000100000000)
  eden space 30720K, 100% used [0x00000000eab00000,0x00000000ec900000,0x00000000ec900000)
  from space 5120K, 0% used [0x00000000ece00000,0x00000000ece00000,0x00000000ed300000)
  to   space 5120K, 0% used [0x00000000ec900000,0x00000000ec900000,0x00000000ece00000)
 ParOldGen       total 81920K, used 0K [0x00000000c0000000, 0x00000000c5000000, 0x00000000eab00000)
  object space 81920K, 0% used [0x00000000c0000000,0x00000000c0000000,0x00000000c5000000)
 Metaspace       used 5750K, capacity 7024K, committed 7296K, reserved 1056768K
  class space    used 555K, capacity 616K, committed 640K, reserved 1048576K
Event: 3.800 GC heap after
Heap after GC invocations=1 (full 0):
 PSYoungGen      total 35840K, used 5111K [0x00000000eab00000, 0x00000000ed300000, 0x0000000100000000)
  eden space 30720K, 0% used [0x00000000eab00000,0x00000000eab00000,0x00000000ec900000)
  from space 5120K, 99% used [0x00000000ec900000,0x00000000ecdfdc88,0x00000000ece00000)
  to   space 5120K, 0% used [0x00000000ece00000,0x00000000ece00000,0x00000000ed300000)
 ParOldGen       total 81920K, used 1207K [0x00000000c0000000, 0x00000000c5000000, 0x00000000eab00000)
  object space 81920K, 1% used [0x00000000c0000000,0x00000000c012dc68,0x00000000c5000000)
 Metaspace       used 5750K, capacity 7024K, committed 7296K, reserved 1056768K
  class space    used 555K, capacity 616K, committed 640K, reserved 1048576K
}

Deoptimization events (10 events):
Event: 1.789 Thread 0x00000000024f0800 Uncommon trap: reason=unstable_if action=reinterpret pc=0x00000000029d7bf0 method=com.android.dx.rop.code.LocalItem.hashCode()I @ 25
Event: 1.931 Thread 0x00000000024f0800 Uncommon trap: reason=unstable_if action=reinterpret pc=0x00000000028cfc74 method=java.util.BitSet.ensureCapacity(I)V @ 6
Event: 2.190 Thread 0x00000000024f0800 Uncommon trap: reason=class_check action=maybe_recompile pc=0x0000000002928e24 method=com.android.dx.rop.type.Type.equals(Ljava/lang/Object;)Z @ 8
Event: 2.190 Thread 0x00000000024f0800 Uncommon trap: reason=class_check action=maybe_recompile pc=0x0000000002928e24 method=com.android.dx.rop.type.Type.equals(Ljava/lang/Object;)Z @ 8
Event: 2.193 Thread 0x00000000024f0800 Uncommon trap: reason=class_check action=maybe_recompile pc=0x0000000002928e24 method=com.android.dx.rop.type.Type.equals(Ljava/lang/Object;)Z @ 8
Event: 2.193 Thread 0x00000000024f0800 Uncommon trap: reason=class_check action=maybe_recompile pc=0x0000000002928e24 method=com.android.dx.rop.type.Type.equals(Ljava/lang/Object;)Z @ 8
Event: 3.228 Thread 0x00000000024f0800 Uncommon trap: reason=unstable_if action=reinterpret pc=0x0000000002a99244 method=com.android.dx.rop.code.RegisterSpecSet.<init>(I)V @ 2
Event: 5.339 Thread 0x00000000024f0800 Uncommon trap: reason=unstable_if action=reinterpret pc=0x00000000029df49c method=com.android.dx.rop.cst.Constant.compareTo(Lcom/android/dx/rop/cst/Constant;)I @ 12
Event: 6.440 Thread 0x00000000024f0800 Uncommon trap: reason=bimorphic action=maybe_recompile pc=0x0000000002c75ef0 method=com.android.dx.ssa.SCCP.setLatticeValueTo(IILcom/android/dx/rop/cst/Constant;)Z @ 43
Event: 6.918 Thread 0x00000000024f0800 Uncommon trap: reason=class_check action=maybe_recompile pc=0x0000000002bd0370 method=com.android.dx.rop.code.RegisterSpec.withSimpleType()Lcom/android/dx/rop/code/RegisterSpec; @ 21

Internal exceptions (2 events):
Event: 0.072 Thread 0x00000000024f0800 Exception <a 'java/lang/NoSuchMethodError': Method sun.misc.Unsafe.defineClass(Ljava/lang/String;[BII)Ljava/lang/Class; name or signature does not match> (0x00000000eab0d058) thrown at [D:\re\workspace\8-2-build-windows-amd64-cygwin\jdk8u40\2855\hotspot\sr¾B ²?
Event: 0.072 Thread 0x00000000024f0800 Exception <a 'java/lang/NoSuchMethodError': Method sun.misc.Unsafe.prefetchRead(Ljava/lang/Object;J)V name or signature does not match> (0x00000000eab0d2e8) thrown at [D:\re\workspace\8-2-build-windows-amd64-cygwin\jdk8u40\2855\hotspot\src\share\vm\prims\j

Events (10 events):
Event: 4.998 loading class com/android/dx/rop/code/RegisterSpec$1 done
Event: 5.338 Thread 0x00000000024f0800 Uncommon trap: trap_request=0xffffff65 fr.pc=0x00000000029df49c
Event: 5.339 Thread 0x00000000024f0800 DEOPT PACKING pc=0x00000000029df49c sp=0x00000000024ee150
Event: 5.339 Thread 0x00000000024f0800 DEOPT UNPACKING pc=0x000000000263582a sp=0x00000000024ee0f0 mode 2
Event: 6.440 Thread 0x00000000024f0800 Uncommon trap: trap_request=0xffffffc6 fr.pc=0x0000000002c75ef0
Event: 6.440 Thread 0x00000000024f0800 DEOPT PACKING pc=0x0000000002c75ef0 sp=0x00000000024ee6e0
Event: 6.440 Thread 0x00000000024f0800 DEOPT UNPACKING pc=0x000000000263582a sp=0x00000000024ee638 mode 2
Event: 6.918 Thread 0x00000000024f0800 Uncommon trap: trap_request=0xffffffde fr.pc=0x0000000002bd0370
Event: 6.918 Thread 0x00000000024f0800 DEOPT PACKING pc=0x0000000002bd0370 sp=0x00000000024ee760
Event: 6.918 Thread 0x00000000024f0800 DEOPT UNPACKING pc=0x000000000263582a sp=0x00000000024ee6c8 mode 2


Dynamic libraries:
0x00007ff6f94a0000 - 0x00007ff6f94d7000 	D:\Programs [Installed]\Programming Tools\Java\Jdk\bin\java.exe
0x00007ffe49930000 - 0x00007ffe49adc000 	C:\WINDOWS\SYSTEM32\ntdll.dll
0x00007ffe476c0000 - 0x00007ffe477fe000 	C:\WINDOWS\system32\KERNEL32.DLL
0x00007ffe46c00000 - 0x00007ffe46d15000 	C:\WINDOWS\system32\KERNELBASE.dll
0x00007ffe45610000 - 0x00007ffe4569e000 	C:\WINDOWS\system32\apphelp.dll
0x00007ffe3a640000 - 0x00007ffe3a693000 	C:\WINDOWS\AppPatch\AppPatch64\AcGenral.DLL
0x00007ffe48f70000 - 0x00007ffe4901a000 	C:\WINDOWS\system32\msvcrt.dll
0x00007ffe46920000 - 0x00007ffe4694e000 	C:\WINDOWS\SYSTEM32\SspiCli.dll
0x00007ffe494d0000 - 0x00007ffe49524000 	C:\WINDOWS\system32\SHLWAPI.dll
0x00007ffe492f0000 - 0x00007ffe49467000 	C:\WINDOWS\system32\USER32.dll
0x00007ffe47310000 - 0x00007ffe474a4000 	C:\WINDOWS\system32\ole32.dll
0x00007ffe47a50000 - 0x00007ffe48f68000 	C:\WINDOWS\system32\SHELL32.dll
0x00007ffe46060000 - 0x00007ffe46081000 	C:\WINDOWS\SYSTEM32\USERENV.dll
0x00007ffe49240000 - 0x00007ffe492ea000 	C:\WINDOWS\system32\ADVAPI32.dll
0x00007ffe3f190000 - 0x00007ffe3f1ae000 	C:\WINDOWS\SYSTEM32\MPR.dll
0x00007ffe497d0000 - 0x00007ffe49911000 	C:\WINDOWS\system32\RPCRT4.dll
0x00007ffe471e0000 - 0x00007ffe47239000 	C:\WINDOWS\SYSTEM32\sechost.dll
0x00007ffe49020000 - 0x00007ffe49231000 	C:\WINDOWS\SYSTEM32\combase.dll
0x00007ffe47800000 - 0x00007ffe47951000 	C:\WINDOWS\system32\GDI32.dll
0x00007ffe46a80000 - 0x00007ffe46a95000 	C:\WINDOWS\SYSTEM32\profapi.dll
0x00007ffe44fe0000 - 0x00007ffe45092000 	C:\WINDOWS\SYSTEM32\SHCORE.dll
0x00007ffe472b0000 - 0x00007ffe472e6000 	C:\WINDOWS\system32\IMM32.DLL
0x00007ffe47080000 - 0x00007ffe471d2000 	C:\WINDOWS\system32\MSCTF.dll
0x00007ffe3fd80000 - 0x00007ffe3fffb000 	C:\WINDOWS\WinSxS\amd64_microsoft.windows.common-controls_6595b64144ccf1df_6.0.9600.17784_none_624760d1ecb7236e\COMCTL32.dll
0x000000006e070000 - 0x000000006e142000 	D:\Programs [Installed]\Programming Tools\Java\Jdk\jre\bin\msvcr100.dll
0x000000006e4f0000 - 0x000000006ed73000 	D:\Programs [Installed]\Programming Tools\Java\Jdk\jre\bin\server\jvm.dll
0x00007ffe3e7f0000 - 0x00007ffe3e7f9000 	C:\WINDOWS\SYSTEM32\WSOCK32.dll
0x00007ffe420f0000 - 0x00007ffe42112000 	C:\WINDOWS\SYSTEM32\WINMM.dll
0x00007ffe410a0000 - 0x00007ffe410aa000 	C:\WINDOWS\SYSTEM32\VERSION.dll
0x00007ffe47960000 - 0x00007ffe47967000 	C:\WINDOWS\system32\PSAPI.DLL
0x00007ffe474b0000 - 0x00007ffe4750a000 	C:\WINDOWS\system32\WS2_32.dll
0x00007ffe420c0000 - 0x00007ffe420ea000 	C:\WINDOWS\SYSTEM32\WINMMBASE.dll
0x00007ffe47980000 - 0x00007ffe47989000 	C:\WINDOWS\system32\NSI.dll
0x00007ffe46b50000 - 0x00007ffe46b9f000 	C:\WINDOWS\SYSTEM32\cfgmgr32.dll
0x00007ffe45890000 - 0x00007ffe458b8000 	C:\WINDOWS\SYSTEM32\DEVOBJ.dll
0x000000006e4e0000 - 0x000000006e4ef000 	D:\Programs [Installed]\Programming Tools\Java\Jdk\jre\bin\verify.dll
0x000000006e4b0000 - 0x000000006e4d9000 	D:\Programs [Installed]\Programming Tools\Java\Jdk\jre\bin\java.dll
0x000000006e490000 - 0x000000006e4a6000 	D:\Programs [Installed]\Programming Tools\Java\Jdk\jre\bin\zip.dll
0x00007ffe42740000 - 0x00007ffe428c9000 	C:\WINDOWS\SYSTEM32\dbghelp.dll

VM Arguments:
jvm_args: -Xmx1024M -Dfile.encoding=windows-1252 -Duser.country=IN -Duser.language=en -Duser.variant 
java_command: com.android.dx.command.Main --dex --output D:\Documents\ProgrammingProjects\AndroidProjects\AndroidStudioProjects\Dots\app\build\intermediates\pre-dexed\debug\internal_impl-22.1.1-ad5671cde5f8763fcec20ccf09466d39f4ef91cd.jar D:\Documents\ProgrammingProjects\AndroidProjects\AndroidStudioProjects\Dots\app\build\intermediates\exploded-aar\com.android.support\support-v4\22.1.1\libs\internal_impl-22.1.1.jar
java_class_path (initial): D:\Programs [Installed]\Programming Tools\Android\Sdk\build-tools\21.1.2\lib\dx.jar
Launcher Type: SUN_STANDARD

Environment Variables:
JAVA_HOME=D:\Programs [Installed]\Programming Tools\Java\Jdk\
PATH=C:\ProgramData\Oracle\Java\javapath;C:\WINDOWS\system32;C:\WINDOWS;C:\WINDOWS\System32\Wbem;C:\WINDOWS\System32\WindowsPowerShell\v1.0\
USERNAME=Pratick
OS=Windows_NT
PROCESSOR_IDENTIFIER=Intel64 Family 6 Model 69 Stepping 1, GenuineIntel



---------------  S Y S T E M  ---------------

OS: Windows 8.1 , 64 bit Build 9600 (6.3.9600.17415)

CPU:total 4 (2 cores per cpu, 2 threads per core) family 6 model 69 stepping 1, cmov, cx8, fxsr, mmx, sse, sse2, sse3, ssse3, sse4.1, sse4.2, popcnt, avx, avx2, aes, clmul, erms, lzcnt, ht, tsc, tscinvbit, bmi1, bmi2

Memory: 4k page, physical 7766124k(910408k free), swap 10911852k(4688k free)

vm_info: Java HotSpot(TM) 64-Bit Server VM (25.40-b25) for windows-amd64 JRE (1.8.0_40-b25), built on Feb 10 2015 21:53:57 by "java_re" with MS VC++ 10.0 (VS2010)

time: Thu Jun 04 06:04:18 2015
elapsed time: 7 seconds (0d 0h 0m 7s)

