#
# There is insufficient memory for the Java Runtime Environment to continue.
# Native memory allocation (malloc) failed to allocate 32744 bytes for ChunkPool::allocate
# Possible reasons:
#   The system is out of physical RAM or swap space
#   In 32 bit mode, the process size limit was hit
# Possible solutions:
#   Reduce memory load on the system
#   Increase physical memory or swap space
#   Check if swap backing store is full
#   Use 64 bit Java on a 64 bit OS
#   Decrease Java heap size (-Xmx/-Xms)
#   Decrease number of Java threads
#   Decrease Java thread stack sizes (-Xss)
#   Set larger code cache with -XX:ReservedCodeCacheSize=
# This output file may be truncated or incomplete.
#
#  Out of Memory Error (allocation.cpp:273), pid=7240, tid=3312
#
# JRE version: Java(TM) SE Runtime Environment (8.0_40-b25) (build 1.8.0_40-b25)
# Java VM: Java HotSpot(TM) 64-Bit Server VM (25.40-b25 mixed mode windows-amd64 compressed oops)
# Failed to write core dump. Minidumps are not enabled by default on client versions of Windows
#

---------------  T H R E A D  ---------------

Current thread (0x00000000151b8000):  JavaThread "C1 CompilerThread2" daemon [_thread_in_native, id=3312, stack(0x00000000168b0000,0x00000000169b0000)]

Stack: [0x00000000168b0000,0x00000000169b0000]
Native frames: (J=compiled Java code, j=interpreted, Vv=VM code, C=native code)
V  [jvm.dll+0x32b47a]


Current CompileTask:
C1:   1102  530   !   3      
[error occurred during error reporting (printing current compile task), id 0xe0000001]


---------------  P R O C E S S  ---------------

Java Threads: ( => current thread )
  0x00000000169cc800 JavaThread "Service Thread" daemon [_thread_blocked, id=3452, stack(0x0000000016db0000,0x0000000016eb0000)]
=>0x00000000151b8000 JavaThread "C1 CompilerThread2" daemon [_thread_in_native, id=3312, stack(0x00000000168b0000,0x00000000169b0000)]
  0x000000001515f000 JavaThread "C2 CompilerThread1" daemon [_thread_blocked, id=6492, stack(0x00000000167b0000,0x00000000168b0000)]
  0x0000000015158800 JavaThread "C2 CompilerThread0" daemon [_thread_blocked, id=8752, stack(0x00000000166b0000,0x00000000167b0000)]
  0x0000000015157000 JavaThread "Attach Listener" daemon [_thread_blocked, id=6076, stack(0x00000000165b0000,0x00000000166b0000)]
  0x0000000015155800 JavaThread "Signal Dispatcher" daemon [_thread_blocked, id=888, stack(0x00000000164b0000,0x00000000165b0000)]
  0x00000000029f1800 JavaThread "Finalizer" daemon [_thread_blocked, id=9120, stack(0x00000000163b0000,0x00000000164b0000)]
  0x00000000029ee000 JavaThread "Reference Handler" daemon [_thread_blocked, id=8276, stack(0x00000000162b0000,0x00000000163b0000)]
  0x0000000002900800 JavaThread "main" [_thread_in_Java, id=10308, stack(0x00000000010a0000,0x00000000011a0000)]

Other Threads:
  0x0000000015127800 VMThread [stack: 0x00000000161b0000,0x00000000162b0000] [id=7084]
  0x00000000169cf000 WatcherThread [stack: 0x0000000016eb0000,0x0000000016fb0000] [id=9932]

VM state:not at safepoint (normal execution)

VM Mutex/Monitor currently owned by a thread: None

Heap:
 PSYoungGen      total 35840K, used 10118K [0x00000000eab00000, 0x00000000ed300000, 0x0000000100000000)
  eden space 30720K, 32% used [0x00000000eab00000,0x00000000eb4e1b18,0x00000000ec900000)
  from space 5120K, 0% used [0x00000000ece00000,0x00000000ece00000,0x00000000ed300000)
  to   space 5120K, 0% used [0x00000000ec900000,0x00000000ec900000,0x00000000ece00000)
 ParOldGen       total 81920K, used 0K [0x00000000c0000000, 0x00000000c5000000, 0x00000000eab00000)
  object space 81920K, 0% used [0x00000000c0000000,0x00000000c0000000,0x00000000c5000000)
 Metaspace       used 5066K, capacity 6384K, committed 6528K, reserved 1056768K
  class space    used 548K, capacity 616K, committed 640K, reserved 1048576K

Card table byte_map: [0x0000000011fb0000,0x00000000121c0000] byte_map_base: 0x00000000119b0000

Marking Bits: (ParMarkBitMap*) 0x000000006ecf4040
 Begin Bits: [0x00000000125c0000, 0x00000000135c0000)
 End Bits:   [0x00000000135c0000, 0x00000000145c0000)

Polling page: 0x0000000000f30000

CodeCache: size=245760Kb used=2099Kb max_used=2111Kb free=243660Kb
 bounds [0x0000000002bf0000, 0x0000000002e60000, 0x0000000011bf0000]
 total_blobs=792 nmethods=527 adapters=178
 compilation: enabled

Compilation events (10 events):
Event: 1.085 Thread 0x00000000151b8000  526       3       com.android.dx.cf.code.LineNumberList::pcToLine (73 bytes)
Event: 1.086 Thread 0x00000000151b8000 nmethod 526 0x0000000002dfb7d0 code [0x0000000002dfb980, 0x0000000002dfc068]
Event: 1.086 Thread 0x00000000151b8000  522   !   3       com.android.dx.cf.code.BaseMachine::arg (36 bytes)
Event: 1.086 Thread 0x00000000151b8000 nmethod 522 0x0000000002dfc2d0 code [0x0000000002dfc460, 0x0000000002dfc7b8]
Event: 1.086 Thread 0x00000000151b8000  524       3       com.android.dx.rop.type.Type::getBasicFrameType (60 bytes)
Event: 1.086 Thread 0x00000000151b8000 nmethod 524 0x0000000002dfc990 code [0x0000000002dfcae0, 0x0000000002dfcc70]
Event: 1.086 Thread 0x00000000151b8000  527       3       com.android.dx.rop.code.RegisterSpec::<init> (48 bytes)
Event: 1.086 Thread 0x00000000151b8000 nmethod 527 0x0000000002dfcd10 code [0x0000000002dfcea0, 0x0000000002dfd278]
Event: 1.086 Thread 0x00000000151b8000  530   !   3       com.android.dx.cf.code.BytecodeArray::parseInstruction (2764 bytes)
Event: 1.089 Thread 0x0000000015158800 nmethod 521 0x0000000002e00350 code [0x0000000002e004a0, 0x0000000002e007c8]

GC Heap History (0 events):
No events

Deoptimization events (1 events):
Event: 1.080 Thread 0x0000000002900800 Uncommon trap: reason=unstable_if action=reinterpret pc=0x0000000002de50bc method=java.util.HashMap.getNode(ILjava/lang/Object;)Ljava/util/HashMap$Node; @ 129

Internal exceptions (2 events):
Event: 0.057 Thread 0x0000000002900800 Exception <a 'java/lang/NoSuchMethodError': Method sun.misc.Unsafe.defineClass(Ljava/lang/String;[BII)Ljava/lang/Class; name or signature does not match> (0x00000000eab0d218) thrown at [D:\re\workspace\8-2-build-windows-amd64-cygwin\jdk8u40\2855\hotspot\sr¡¯-­?
Event: 0.057 Thread 0x0000000002900800 Exception <a 'java/lang/NoSuchMethodError': Method sun.misc.Unsafe.prefetchRead(Ljava/lang/Object;J)V name or signature does not match> (0x00000000eab0d4a8) thrown at [D:\re\workspace\8-2-build-windows-amd64-cygwin\jdk8u40\2855\hotspot\src\share\vm\prims\j

Events (10 events):
Event: 1.069 loading class com/android/dx/cf/code/Ropper$ExceptionHandlerSetup done
Event: 1.070 loading class java/util/HashMap$Values
Event: 1.071 loading class java/util/HashMap$Values done
Event: 1.071 loading class java/util/HashMap$ValueIterator
Event: 1.071 loading class java/util/HashMap$ValueIterator done
Event: 1.075 loading class com/android/dx/ssa/back/FirstFitLocalCombiningAllocator$Multiset
Event: 1.075 loading class com/android/dx/ssa/back/FirstFitLocalCombiningAllocator$Multiset done
Event: 1.080 Thread 0x0000000002900800 Uncommon trap: trap_request=0xffffff65 fr.pc=0x0000000002de50bc
Event: 1.080 Thread 0x0000000002900800 DEOPT PACKING pc=0x0000000002de50bc sp=0x000000000119e450
Event: 1.080 Thread 0x0000000002900800 DEOPT UNPACKING pc=0x0000000002c3582a sp=0x000000000119e3c8 mode 2


Dynamic libraries:
0x00007ff6f94a0000 - 0x00007ff6f94d7000 	D:\Programs [Installed]\Programming Tools\Java\Jdk\bin\java.exe
0x00007ffe49930000 - 0x00007ffe49adc000 	C:\WINDOWS\SYSTEM32\ntdll.dll
0x00007ffe476c0000 - 0x00007ffe477fe000 	C:\WINDOWS\system32\KERNEL32.DLL
0x00007ffe46c00000 - 0x00007ffe46d15000 	C:\WINDOWS\system32\KERNELBASE.dll
0x00007ffe45610000 - 0x00007ffe4569e000 	C:\WINDOWS\system32\apphelp.dll
0x00007ffe3a640000 - 0x00007ffe3a693000 	C:\WINDOWS\AppPatch\AppPatch64\AcGenral.DLL
0x00007ffe48f70000 - 0x00007ffe4901a000 	C:\WINDOWS\system32\msvcrt.dll
0x00007ffe46920000 - 0x00007ffe4694e000 	C:\WINDOWS\SYSTEM32\SspiCli.dll
0x00007ffe494d0000 - 0x00007ffe49524000 	C:\WINDOWS\system32\SHLWAPI.dll
0x00007ffe492f0000 - 0x00007ffe49467000 	C:\WINDOWS\system32\USER32.dll
0x00007ffe47310000 - 0x00007ffe474a4000 	C:\WINDOWS\system32\ole32.dll
0x00007ffe47a50000 - 0x00007ffe48f68000 	C:\WINDOWS\system32\SHELL32.dll
0x00007ffe46060000 - 0x00007ffe46081000 	C:\WINDOWS\SYSTEM32\USERENV.dll
0x00007ffe49240000 - 0x00007ffe492ea000 	C:\WINDOWS\system32\ADVAPI32.dll
0x00007ffe3f190000 - 0x00007ffe3f1ae000 	C:\WINDOWS\SYSTEM32\MPR.dll
0x00007ffe497d0000 - 0x00007ffe49911000 	C:\WINDOWS\system32\RPCRT4.dll
0x00007ffe471e0000 - 0x00007ffe47239000 	C:\WINDOWS\SYSTEM32\sechost.dll
0x00007ffe49020000 - 0x00007ffe49231000 	C:\WINDOWS\SYSTEM32\combase.dll
0x00007ffe47800000 - 0x00007ffe47951000 	C:\WINDOWS\system32\GDI32.dll
0x00007ffe46a80000 - 0x00007ffe46a95000 	C:\WINDOWS\SYSTEM32\profapi.dll
0x00007ffe44fe0000 - 0x00007ffe45092000 	C:\WINDOWS\SYSTEM32\SHCORE.dll
0x00007ffe472b0000 - 0x00007ffe472e6000 	C:\WINDOWS\system32\IMM32.DLL
0x00007ffe47080000 - 0x00007ffe471d2000 	C:\WINDOWS\system32\MSCTF.dll
0x00007ffe3fd80000 - 0x00007ffe3fffb000 	C:\WINDOWS\WinSxS\amd64_microsoft.windows.common-controls_6595b64144ccf1df_6.0.9600.17784_none_624760d1ecb7236e\COMCTL32.dll
0x000000006e070000 - 0x000000006e142000 	D:\Programs [Installed]\Programming Tools\Java\Jdk\jre\bin\msvcr100.dll
0x000000006e4f0000 - 0x000000006ed73000 	D:\Programs [Installed]\Programming Tools\Java\Jdk\jre\bin\server\jvm.dll
0x00007ffe3e7f0000 - 0x00007ffe3e7f9000 	C:\WINDOWS\SYSTEM32\WSOCK32.dll
0x00007ffe420f0000 - 0x00007ffe42112000 	C:\WINDOWS\SYSTEM32\WINMM.dll
0x00007ffe410a0000 - 0x00007ffe410aa000 	C:\WINDOWS\SYSTEM32\VERSION.dll
0x00007ffe47960000 - 0x00007ffe47967000 	C:\WINDOWS\system32\PSAPI.DLL
0x00007ffe474b0000 - 0x00007ffe4750a000 	C:\WINDOWS\system32\WS2_32.dll
0x00007ffe420c0000 - 0x00007ffe420ea000 	C:\WINDOWS\SYSTEM32\WINMMBASE.dll
0x00007ffe47980000 - 0x00007ffe47989000 	C:\WINDOWS\system32\NSI.dll
0x00007ffe46b50000 - 0x00007ffe46b9f000 	C:\WINDOWS\SYSTEM32\cfgmgr32.dll
0x00007ffe45890000 - 0x00007ffe458b8000 	C:\WINDOWS\SYSTEM32\DEVOBJ.dll
0x000000006e4e0000 - 0x000000006e4ef000 	D:\Programs [Installed]\Programming Tools\Java\Jdk\jre\bin\verify.dll
0x000000006e4b0000 - 0x000000006e4d9000 	D:\Programs [Installed]\Programming Tools\Java\Jdk\jre\bin\java.dll
0x000000006e490000 - 0x000000006e4a6000 	D:\Programs [Installed]\Programming Tools\Java\Jdk\jre\bin\zip.dll

VM Arguments:
jvm_args: -Xmx1024M -Dfile.encoding=windows-1252 -Duser.country=IN -Duser.language=en -Duser.variant 
java_command: com.android.dx.command.Main --dex --output D:\Documents\ProgrammingProjects\AndroidProjects\AndroidStudioProjects\Dots\app\build\intermediates\pre-dexed\debug\classes-358ddb2f7590e22d62e0588bb6ff8e82618f98fd.jar D:\Documents\ProgrammingProjects\AndroidProjects\AndroidStudioProjects\Dots\app\build\intermediates\exploded-aar\com.daimajia.easing\library\1.0.1\classes.jar
java_class_path (initial): D:\Programs [Installed]\Programming Tools\Android\Sdk\build-tools\21.1.2\lib\dx.jar
Launcher Type: SUN_STANDARD

Environment Variables:
JAVA_HOME=D:\Programs [Installed]\Programming Tools\Java\Jdk\
PATH=C:\ProgramData\Oracle\Java\javapath;C:\WINDOWS\system32;C:\WINDOWS;C:\WINDOWS\System32\Wbem;C:\WINDOWS\System32\WindowsPowerShell\v1.0\
USERNAME=Pratick
OS=Windows_NT
PROCESSOR_IDENTIFIER=Intel64 Family 6 Model 69 Stepping 1, GenuineIntel



---------------  S Y S T E M  ---------------

OS: Windows 8.1 , 64 bit Build 9600 (6.3.9600.17415)

CPU:total 4 (2 cores per cpu, 2 threads per core) family 6 model 69 stepping 1, cmov, cx8, fxsr, mmx, sse, sse2, sse3, ssse3, sse4.1, sse4.2, popcnt, avx, avx2, aes, clmul, erms, lzcnt, ht, tsc, tscinvbit, bmi1, bmi2

Memory: 4k page, physical 7766124k(923248k free), swap 10911852k(4992k free)

vm_info: Java HotSpot(TM) 64-Bit Server VM (25.40-b25) for windows-amd64 JRE (1.8.0_40-b25), built on Feb 10 2015 21:53:57 by "java_re" with MS VC++ 10.0 (VS2010)

time: Thu Jun 04 06:24:55 2015
elapsed time: 1 seconds (0d 0h 0m 1s)

